[1/379] Building ASM object CMakeFiles/dip-vs.dir/startup_stm32f746xx.s.obj
[2/379] Building C object CMakeFiles/dip-vs.dir/LIBJPEG/App/libjpeg.c.obj
[3/379] Building C object CMakeFiles/dip-vs.dir/Core/Src/sysmem.c.obj
[4/379] Building C object CMakeFiles/dip-vs.dir/Core/Src/syscalls.c.obj
[5/379] Building C object CMakeFiles/dip-vs.dir/Core/Src/compress.c.obj
[6/379] Building C object cmake/stm32cubemx/CMakeFiles/STM32_Drivers.dir/__/__/Drivers/STM32F7xx_HAL_Driver/Src/stm32f7xx_hal_rcc_ex.c.obj
In file included from /media/odurgut/82a56851-6a27-45e3-afb0-3549236924ca/sda1/book/examples-stm32-c/cmake/stm32cubemx/../../Drivers/CMSIS/Device/ST/STM32F7xx/Include/stm32f7xx.h:127,
                 from /media/odurgut/82a56851-6a27-45e3-afb0-3549236924ca/sda1/book/examples-stm32-c/cmake/stm32cubemx/../../Drivers/STM32F7xx_HAL_Driver/Inc/stm32f7xx_hal_def.h:29,
                 from /media/odurgut/82a56851-6a27-45e3-afb0-3549236924ca/sda1/book/examples-stm32-c/cmake/stm32cubemx/../../Drivers/STM32F7xx_HAL_Driver/Inc/stm32f7xx_hal_rcc.h:27,
                 from /media/odurgut/82a56851-6a27-45e3-afb0-3549236924ca/sda1/book/examples-stm32-c/cmake/stm32cubemx/../../Core/Inc/stm32f7xx_hal_conf.h:271,
                 from /media/odurgut/82a56851-6a27-45e3-afb0-3549236924ca/sda1/book/examples-stm32-c/cmake/stm32cubemx/../../Drivers/STM32F7xx_HAL_Driver/Inc/stm32f7xx_hal.h:29,
                 from /media/odurgut/82a56851-6a27-45e3-afb0-3549236924ca/sda1/book/examples-stm32-c/Drivers/STM32F7xx_HAL_Driver/Src/stm32f7xx_hal_rcc_ex.c:23:
/media/odurgut/82a56851-6a27-45e3-afb0-3549236924ca/sda1/book/examples-stm32-c/cmake/stm32cubemx/../../Drivers/CMSIS/Device/ST/STM32F7xx/Include/stm32f746xx.h:170: warning: "__FPU_PRESENT" redefined
  170 | #define __FPU_PRESENT             1U       /*!< FPU present                                   */
      | 
<command-line>: note: this is the location of the previous definition
[7/379] Building C object cmake/stm32cubemx/CMakeFiles/STM32_Drivers.dir/__/__/Drivers/STM32F7xx_HAL_Driver/Src/stm32f7xx_hal_dcmi_ex.c.obj
In file included from /media/odurgut/82a56851-6a27-45e3-afb0-3549236924ca/sda1/book/examples-stm32-c/cmake/stm32cubemx/../../Drivers/CMSIS/Device/ST/STM32F7xx/Include/stm32f7xx.h:127,
                 from /media/odurgut/82a56851-6a27-45e3-afb0-3549236924ca/sda1/book/examples-stm32-c/cmake/stm32cubemx/../../Drivers/STM32F7xx_HAL_Driver/Inc/stm32f7xx_hal_def.h:29,
                 from /media/odurgut/82a56851-6a27-45e3-afb0-3549236924ca/sda1/book/examples-stm32-c/cmake/stm32cubemx/../../Drivers/STM32F7xx_HAL_Driver/Inc/stm32f7xx_hal_rcc.h:27,
                 from /media/odurgut/82a56851-6a27-45e3-afb0-3549236924ca/sda1/book/examples-stm32-c/cmake/stm32cubemx/../../Core/Inc/stm32f7xx_hal_conf.h:271,
                 from /media/odurgut/82a56851-6a27-45e3-afb0-3549236924ca/sda1/book/examples-stm32-c/cmake/stm32cubemx/../../Drivers/STM32F7xx_HAL_Driver/Inc/stm32f7xx_hal.h:29,
                 from /media/odurgut/82a56851-6a27-45e3-afb0-3549236924ca/sda1/book/examples-stm32-c/Drivers/STM32F7xx_HAL_Driver/Src/stm32f7xx_hal_dcmi_ex.c:24:
/media/odurgut/82a56851-6a27-45e3-afb0-3549236924ca/sda1/book/examples-stm32-c/cmake/stm32cubemx/../../Drivers/CMSIS/Device/ST/STM32F7xx/Include/stm32f746xx.h:170: warning: "__FPU_PRESENT" redefined
  170 | #define __FPU_PRESENT             1U       /*!< FPU present                                   */
      | 
<command-line>: note: this is the location of the previous definition
[8/379] Building C object CMakeFiles/dip-vs.dir/Core/Src/stm32f7xx_it.c.obj
In file included from /media/odurgut/82a56851-6a27-45e3-afb0-3549236924ca/sda1/book/examples-stm32-c/cmake/stm32cubemx/../../Drivers/CMSIS/Device/ST/STM32F7xx/Include/stm32f7xx.h:127,
                 from /media/odurgut/82a56851-6a27-45e3-afb0-3549236924ca/sda1/book/examples-stm32-c/cmake/stm32cubemx/../../Drivers/STM32F7xx_HAL_Driver/Inc/stm32f7xx_hal_def.h:29,
                 from /media/odurgut/82a56851-6a27-45e3-afb0-3549236924ca/sda1/book/examples-stm32-c/cmake/stm32cubemx/../../Drivers/STM32F7xx_HAL_Driver/Inc/stm32f7xx_hal_rcc.h:27,
                 from /media/odurgut/82a56851-6a27-45e3-afb0-3549236924ca/sda1/book/examples-stm32-c/cmake/stm32cubemx/../../Core/Inc/stm32f7xx_hal_conf.h:271,
                 from /media/odurgut/82a56851-6a27-45e3-afb0-3549236924ca/sda1/book/examples-stm32-c/cmake/stm32cubemx/../../Drivers/STM32F7xx_HAL_Driver/Inc/stm32f7xx_hal.h:29,
                 from /media/odurgut/82a56851-6a27-45e3-afb0-3549236924ca/sda1/book/examples-stm32-c/cmake/stm32cubemx/../../Core/Inc/main.h:30,
                 from /media/odurgut/82a56851-6a27-45e3-afb0-3549236924ca/sda1/book/examples-stm32-c/Core/Src/stm32f7xx_it.c:21:
/media/odurgut/82a56851-6a27-45e3-afb0-3549236924ca/sda1/book/examples-stm32-c/cmake/stm32cubemx/../../Drivers/CMSIS/Device/ST/STM32F7xx/Include/stm32f746xx.h:170: warning: "__FPU_PRESENT" redefined
  170 | #define __FPU_PRESENT             1U       /*!< FPU present                                   */
      | 
<command-line>: note: this is the location of the previous definition
[9/379] Building C object cmake/stm32cubemx/CMakeFiles/STM32_Drivers.dir/__/__/Drivers/STM32F7xx_HAL_Driver/Src/stm32f7xx_hal_cortex.c.obj
In file included from /media/odurgut/82a56851-6a27-45e3-afb0-3549236924ca/sda1/book/examples-stm32-c/cmake/stm32cubemx/../../Drivers/CMSIS/Device/ST/STM32F7xx/Include/stm32f7xx.h:127,
                 from /media/odurgut/82a56851-6a27-45e3-afb0-3549236924ca/sda1/book/examples-stm32-c/cmake/stm32cubemx/../../Drivers/STM32F7xx_HAL_Driver/Inc/stm32f7xx_hal_def.h:29,
                 from /media/odurgut/82a56851-6a27-45e3-afb0-3549236924ca/sda1/book/examples-stm32-c/cmake/stm32cubemx/../../Drivers/STM32F7xx_HAL_Driver/Inc/stm32f7xx_hal_rcc.h:27,
                 from /media/odurgut/82a56851-6a27-45e3-afb0-3549236924ca/sda1/book/examples-stm32-c/cmake/stm32cubemx/../../Core/Inc/stm32f7xx_hal_conf.h:271,
                 from /media/odurgut/82a56851-6a27-45e3-afb0-3549236924ca/sda1/book/examples-stm32-c/cmake/stm32cubemx/../../Drivers/STM32F7xx_HAL_Driver/Inc/stm32f7xx_hal.h:29,
                 from /media/odurgut/82a56851-6a27-45e3-afb0-3549236924ca/sda1/book/examples-stm32-c/Drivers/STM32F7xx_HAL_Driver/Src/stm32f7xx_hal_cortex.c:82:
/media/odurgut/82a56851-6a27-45e3-afb0-3549236924ca/sda1/book/examples-stm32-c/cmake/stm32cubemx/../../Drivers/CMSIS/Device/ST/STM32F7xx/Include/stm32f746xx.h:170: warning: "__FPU_PRESENT" redefined
  170 | #define __FPU_PRESENT             1U       /*!< FPU present                                   */
      | 
<command-line>: note: this is the location of the previous definition
[10/379] Building C object cmake/stm32cubemx/CMakeFiles/STM32_Drivers.dir/__/__/Drivers/STM32F7xx_HAL_Driver/Src/stm32f7xx_hal_flash.c.obj
In file included from /media/odurgut/82a56851-6a27-45e3-afb0-3549236924ca/sda1/book/examples-stm32-c/cmake/stm32cubemx/../../Drivers/CMSIS/Device/ST/STM32F7xx/Include/stm32f7xx.h:127,
                 from /media/odurgut/82a56851-6a27-45e3-afb0-3549236924ca/sda1/book/examples-stm32-c/cmake/stm32cubemx/../../Drivers/STM32F7xx_HAL_Driver/Inc/stm32f7xx_hal_def.h:29,
                 from /media/odurgut/82a56851-6a27-45e3-afb0-3549236924ca/sda1/book/examples-stm32-c/cmake/stm32cubemx/../../Drivers/STM32F7xx_HAL_Driver/Inc/stm32f7xx_hal_rcc.h:27,
                 from /media/odurgut/82a56851-6a27-45e3-afb0-3549236924ca/sda1/book/examples-stm32-c/cmake/stm32cubemx/../../Core/Inc/stm32f7xx_hal_conf.h:271,
                 from /media/odurgut/82a56851-6a27-45e3-afb0-3549236924ca/sda1/book/examples-stm32-c/cmake/stm32cubemx/../../Drivers/STM32F7xx_HAL_Driver/Inc/stm32f7xx_hal.h:29,
                 from /media/odurgut/82a56851-6a27-45e3-afb0-3549236924ca/sda1/book/examples-stm32-c/Drivers/STM32F7xx_HAL_Driver/Src/stm32f7xx_hal_flash.c:83:
/media/odurgut/82a56851-6a27-45e3-afb0-3549236924ca/sda1/book/examples-stm32-c/cmake/stm32cubemx/../../Drivers/CMSIS/Device/ST/STM32F7xx/Include/stm32f746xx.h:170: warning: "__FPU_PRESENT" redefined
  170 | #define __FPU_PRESENT             1U       /*!< FPU present                                   */
      | 
<command-line>: note: this is the location of the previous definition
[11/379] Building C object cmake/stm32cubemx/CMakeFiles/STM32_Drivers.dir/__/__/Core/Src/system_stm32f7xx.c.obj
In file included from /media/odurgut/82a56851-6a27-45e3-afb0-3549236924ca/sda1/book/examples-stm32-c/cmake/stm32cubemx/../../Drivers/CMSIS/Device/ST/STM32F7xx/Include/stm32f7xx.h:127,
                 from /media/odurgut/82a56851-6a27-45e3-afb0-3549236924ca/sda1/book/examples-stm32-c/Core/Src/system_stm32f7xx.c:47:
/media/odurgut/82a56851-6a27-45e3-afb0-3549236924ca/sda1/book/examples-stm32-c/cmake/stm32cubemx/../../Drivers/CMSIS/Device/ST/STM32F7xx/Include/stm32f746xx.h:170: warning: "__FPU_PRESENT" redefined
  170 | #define __FPU_PRESENT             1U       /*!< FPU present                                   */
      | 
<command-line>: note: this is the location of the previous definition
[12/379] Building C object CMakeFiles/dip-vs.dir/Core/Src/stm32f7xx_hal_msp.c.obj
In file included from /media/odurgut/82a56851-6a27-45e3-afb0-3549236924ca/sda1/book/examples-stm32-c/cmake/stm32cubemx/../../Drivers/CMSIS/Device/ST/STM32F7xx/Include/stm32f7xx.h:127,
                 from /media/odurgut/82a56851-6a27-45e3-afb0-3549236924ca/sda1/book/examples-stm32-c/cmake/stm32cubemx/../../Drivers/STM32F7xx_HAL_Driver/Inc/stm32f7xx_hal_def.h:29,
                 from /media/odurgut/82a56851-6a27-45e3-afb0-3549236924ca/sda1/book/examples-stm32-c/cmake/stm32cubemx/../../Drivers/STM32F7xx_HAL_Driver/Inc/stm32f7xx_hal_rcc.h:27,
                 from /media/odurgut/82a56851-6a27-45e3-afb0-3549236924ca/sda1/book/examples-stm32-c/cmake/stm32cubemx/../../Core/Inc/stm32f7xx_hal_conf.h:271,
                 from /media/odurgut/82a56851-6a27-45e3-afb0-3549236924ca/sda1/book/examples-stm32-c/cmake/stm32cubemx/../../Drivers/STM32F7xx_HAL_Driver/Inc/stm32f7xx_hal.h:29,
                 from /media/odurgut/82a56851-6a27-45e3-afb0-3549236924ca/sda1/book/examples-stm32-c/cmake/stm32cubemx/../../Core/Inc/main.h:30,
                 from /media/odurgut/82a56851-6a27-45e3-afb0-3549236924ca/sda1/book/examples-stm32-c/Core/Src/stm32f7xx_hal_msp.c:21:
/media/odurgut/82a56851-6a27-45e3-afb0-3549236924ca/sda1/book/examples-stm32-c/cmake/stm32cubemx/../../Drivers/CMSIS/Device/ST/STM32F7xx/Include/stm32f746xx.h:170: warning: "__FPU_PRESENT" redefined
  170 | #define __FPU_PRESENT             1U       /*!< FPU present                                   */
      | 
<command-line>: note: this is the location of the previous definition
[13/379] Building C object cmake/stm32cubemx/CMakeFiles/STM32_Drivers.dir/__/__/Drivers/STM32F7xx_HAL_Driver/Src/stm32f7xx_hal_dcmi.c.obj
In file included from /media/odurgut/82a56851-6a27-45e3-afb0-3549236924ca/sda1/book/examples-stm32-c/cmake/stm32cubemx/../../Drivers/CMSIS/Device/ST/STM32F7xx/Include/stm32f7xx.h:127,
                 from /media/odurgut/82a56851-6a27-45e3-afb0-3549236924ca/sda1/book/examples-stm32-c/cmake/stm32cubemx/../../Drivers/STM32F7xx_HAL_Driver/Inc/stm32f7xx_hal_def.h:29,
                 from /media/odurgut/82a56851-6a27-45e3-afb0-3549236924ca/sda1/book/examples-stm32-c/cmake/stm32cubemx/../../Drivers/STM32F7xx_HAL_Driver/Inc/stm32f7xx_hal_rcc.h:27,
                 from /media/odurgut/82a56851-6a27-45e3-afb0-3549236924ca/sda1/book/examples-stm32-c/cmake/stm32cubemx/../../Core/Inc/stm32f7xx_hal_conf.h:271,
                 from /media/odurgut/82a56851-6a27-45e3-afb0-3549236924ca/sda1/book/examples-stm32-c/cmake/stm32cubemx/../../Drivers/STM32F7xx_HAL_Driver/Inc/stm32f7xx_hal.h:29,
                 from /media/odurgut/82a56851-6a27-45e3-afb0-3549236924ca/sda1/book/examples-stm32-c/Drivers/STM32F7xx_HAL_Driver/Src/stm32f7xx_hal_dcmi.c:126:
/media/odurgut/82a56851-6a27-45e3-afb0-3549236924ca/sda1/book/examples-stm32-c/cmake/stm32cubemx/../../Drivers/CMSIS/Device/ST/STM32F7xx/Include/stm32f746xx.h:170: warning: "__FPU_PRESENT" redefined
  170 | #define __FPU_PRESENT             1U       /*!< FPU present                                   */
      | 
<command-line>: note: this is the location of the previous definition
[14/379] Building C object cmake/stm32cubemx/CMakeFiles/STM32_Drivers.dir/__/__/Drivers/STM32F7xx_HAL_Driver/Src/stm32f7xx_hal_gpio.c.obj
In file included from /media/odurgut/82a56851-6a27-45e3-afb0-3549236924ca/sda1/book/examples-stm32-c/cmake/stm32cubemx/../../Drivers/CMSIS/Device/ST/STM32F7xx/Include/stm32f7xx.h:127,
                 from /media/odurgut/82a56851-6a27-45e3-afb0-3549236924ca/sda1/book/examples-stm32-c/cmake/stm32cubemx/../../Drivers/STM32F7xx_HAL_Driver/Inc/stm32f7xx_hal_def.h:29,
                 from /media/odurgut/82a56851-6a27-45e3-afb0-3549236924ca/sda1/book/examples-stm32-c/cmake/stm32cubemx/../../Drivers/STM32F7xx_HAL_Driver/Inc/stm32f7xx_hal_rcc.h:27,
                 from /media/odurgut/82a56851-6a27-45e3-afb0-3549236924ca/sda1/book/examples-stm32-c/cmake/stm32cubemx/../../Core/Inc/stm32f7xx_hal_conf.h:271,
                 from /media/odurgut/82a56851-6a27-45e3-afb0-3549236924ca/sda1/book/examples-stm32-c/cmake/stm32cubemx/../../Drivers/STM32F7xx_HAL_Driver/Inc/stm32f7xx_hal.h:29,
                 from /media/odurgut/82a56851-6a27-45e3-afb0-3549236924ca/sda1/book/examples-stm32-c/Drivers/STM32F7xx_HAL_Driver/Src/stm32f7xx_hal_gpio.c:108:
/media/odurgut/82a56851-6a27-45e3-afb0-3549236924ca/sda1/book/examples-stm32-c/cmake/stm32cubemx/../../Drivers/CMSIS/Device/ST/STM32F7xx/Include/stm32f746xx.h:170: warning: "__FPU_PRESENT" redefined
  170 | #define __FPU_PRESENT             1U       /*!< FPU present                                   */
      | 
<command-line>: note: this is the location of the previous definition
[15/379] Building C object cmake/stm32cubemx/CMakeFiles/STM32_Drivers.dir/__/__/Drivers/STM32F7xx_HAL_Driver/Src/stm32f7xx_hal_flash_ex.c.obj
In file included from /media/odurgut/82a56851-6a27-45e3-afb0-3549236924ca/sda1/book/examples-stm32-c/cmake/stm32cubemx/../../Drivers/CMSIS/Device/ST/STM32F7xx/Include/stm32f7xx.h:127,
                 from /media/odurgut/82a56851-6a27-45e3-afb0-3549236924ca/sda1/book/examples-stm32-c/cmake/stm32cubemx/../../Drivers/STM32F7xx_HAL_Driver/Inc/stm32f7xx_hal_def.h:29,
                 from /media/odurgut/82a56851-6a27-45e3-afb0-3549236924ca/sda1/book/examples-stm32-c/cmake/stm32cubemx/../../Drivers/STM32F7xx_HAL_Driver/Inc/stm32f7xx_hal_rcc.h:27,
                 from /media/odurgut/82a56851-6a27-45e3-afb0-3549236924ca/sda1/book/examples-stm32-c/cmake/stm32cubemx/../../Core/Inc/stm32f7xx_hal_conf.h:271,
                 from /media/odurgut/82a56851-6a27-45e3-afb0-3549236924ca/sda1/book/examples-stm32-c/cmake/stm32cubemx/../../Drivers/STM32F7xx_HAL_Driver/Inc/stm32f7xx_hal.h:29,
                 from /media/odurgut/82a56851-6a27-45e3-afb0-3549236924ca/sda1/book/examples-stm32-c/Drivers/STM32F7xx_HAL_Driver/Src/stm32f7xx_hal_flash_ex.c:55:
/media/odurgut/82a56851-6a27-45e3-afb0-3549236924ca/sda1/book/examples-stm32-c/cmake/stm32cubemx/../../Drivers/CMSIS/Device/ST/STM32F7xx/Include/stm32f746xx.h:170: warning: "__FPU_PRESENT" redefined
  170 | #define __FPU_PRESENT             1U       /*!< FPU present                                   */
      | 
<command-line>: note: this is the location of the previous definition
[16/379] Building C object cmake/stm32cubemx/CMakeFiles/STM32_Drivers.dir/__/__/Drivers/STM32F7xx_HAL_Driver/Src/stm32f7xx_hal_rcc.c.obj
In file included from /media/odurgut/82a56851-6a27-45e3-afb0-3549236924ca/sda1/book/examples-stm32-c/cmake/stm32cubemx/../../Drivers/CMSIS/Device/ST/STM32F7xx/Include/stm32f7xx.h:127,
                 from /media/odurgut/82a56851-6a27-45e3-afb0-3549236924ca/sda1/book/examples-stm32-c/cmake/stm32cubemx/../../Drivers/STM32F7xx_HAL_Driver/Inc/stm32f7xx_hal_def.h:29,
                 from /media/odurgut/82a56851-6a27-45e3-afb0-3549236924ca/sda1/book/examples-stm32-c/cmake/stm32cubemx/../../Drivers/STM32F7xx_HAL_Driver/Inc/stm32f7xx_hal_rcc.h:27,
                 from /media/odurgut/82a56851-6a27-45e3-afb0-3549236924ca/sda1/book/examples-stm32-c/cmake/stm32cubemx/../../Core/Inc/stm32f7xx_hal_conf.h:271,
                 from /media/odurgut/82a56851-6a27-45e3-afb0-3549236924ca/sda1/book/examples-stm32-c/cmake/stm32cubemx/../../Drivers/STM32F7xx_HAL_Driver/Inc/stm32f7xx_hal.h:29,
                 from /media/odurgut/82a56851-6a27-45e3-afb0-3549236924ca/sda1/book/examples-stm32-c/Drivers/STM32F7xx_HAL_Driver/Src/stm32f7xx_hal_rcc.c:67:
/media/odurgut/82a56851-6a27-45e3-afb0-3549236924ca/sda1/book/examples-stm32-c/cmake/stm32cubemx/../../Drivers/CMSIS/Device/ST/STM32F7xx/Include/stm32f746xx.h:170: warning: "__FPU_PRESENT" redefined
  170 | #define __FPU_PRESENT             1U       /*!< FPU present                                   */
      | 
<command-line>: note: this is the location of the previous definition
[17/379] Building C object cmake/stm32cubemx/CMakeFiles/STM32_Drivers.dir/__/__/Drivers/STM32F7xx_HAL_Driver/Src/stm32f7xx_hal_dma.c.obj
In file included from /media/odurgut/82a56851-6a27-45e3-afb0-3549236924ca/sda1/book/examples-stm32-c/cmake/stm32cubemx/../../Drivers/CMSIS/Device/ST/STM32F7xx/Include/stm32f7xx.h:127,
                 from /media/odurgut/82a56851-6a27-45e3-afb0-3549236924ca/sda1/book/examples-stm32-c/cmake/stm32cubemx/../../Drivers/STM32F7xx_HAL_Driver/Inc/stm32f7xx_hal_def.h:29,
                 from /media/odurgut/82a56851-6a27-45e3-afb0-3549236924ca/sda1/book/examples-stm32-c/cmake/stm32cubemx/../../Drivers/STM32F7xx_HAL_Driver/Inc/stm32f7xx_hal_rcc.h:27,
                 from /media/odurgut/82a56851-6a27-45e3-afb0-3549236924ca/sda1/book/examples-stm32-c/cmake/stm32cubemx/../../Core/Inc/stm32f7xx_hal_conf.h:271,
                 from /media/odurgut/82a56851-6a27-45e3-afb0-3549236924ca/sda1/book/examples-stm32-c/cmake/stm32cubemx/../../Drivers/STM32F7xx_HAL_Driver/Inc/stm32f7xx_hal.h:29,
                 from /media/odurgut/82a56851-6a27-45e3-afb0-3549236924ca/sda1/book/examples-stm32-c/Drivers/STM32F7xx_HAL_Driver/Src/stm32f7xx_hal_dma.c:98:
/media/odurgut/82a56851-6a27-45e3-afb0-3549236924ca/sda1/book/examples-stm32-c/cmake/stm32cubemx/../../Drivers/CMSIS/Device/ST/STM32F7xx/Include/stm32f746xx.h:170: warning: "__FPU_PRESENT" redefined
  170 | #define __FPU_PRESENT             1U       /*!< FPU present                                   */
      | 
<command-line>: note: this is the location of the previous definition
[18/379] Building C object cmake/stm32cubemx/CMakeFiles/STM32_Drivers.dir/__/__/Drivers/STM32F7xx_HAL_Driver/Src/stm32f7xx_hal_dma_ex.c.obj
In file included from /media/odurgut/82a56851-6a27-45e3-afb0-3549236924ca/sda1/book/examples-stm32-c/cmake/stm32cubemx/../../Drivers/CMSIS/Device/ST/STM32F7xx/Include/stm32f7xx.h:127,
                 from /media/odurgut/82a56851-6a27-45e3-afb0-3549236924ca/sda1/book/examples-stm32-c/cmake/stm32cubemx/../../Drivers/STM32F7xx_HAL_Driver/Inc/stm32f7xx_hal_def.h:29,
                 from /media/odurgut/82a56851-6a27-45e3-afb0-3549236924ca/sda1/book/examples-stm32-c/cmake/stm32cubemx/../../Drivers/STM32F7xx_HAL_Driver/Inc/stm32f7xx_hal_rcc.h:27,
                 from /media/odurgut/82a56851-6a27-45e3-afb0-3549236924ca/sda1/book/examples-stm32-c/cmake/stm32cubemx/../../Core/Inc/stm32f7xx_hal_conf.h:271,
                 from /media/odurgut/82a56851-6a27-45e3-afb0-3549236924ca/sda1/book/examples-stm32-c/cmake/stm32cubemx/../../Drivers/STM32F7xx_HAL_Driver/Inc/stm32f7xx_hal.h:29,
                 from /media/odurgut/82a56851-6a27-45e3-afb0-3549236924ca/sda1/book/examples-stm32-c/Drivers/STM32F7xx_HAL_Driver/Src/stm32f7xx_hal_dma_ex.c:39:
/media/odurgut/82a56851-6a27-45e3-afb0-3549236924ca/sda1/book/examples-stm32-c/cmake/stm32cubemx/../../Drivers/CMSIS/Device/ST/STM32F7xx/Include/stm32f746xx.h:170: warning: "__FPU_PRESENT" redefined
  170 | #define __FPU_PRESENT             1U       /*!< FPU present                                   */
      | 
<command-line>: note: this is the location of the previous definition
