Preset CMake variables:

  CMAKE_BUILD_TYPE="Debug"
  CMAKE_TOOLCHAIN_FILE:FILEPATH="/media/odurgut/82a56851-6a27-45e3-afb0-3549236924ca/sda1/book/examples-stm32-c/cmake/gcc-arm-none-eabi.cmake"
  EMBEDDIP_ARCH="ARM"
  EMBEDDIP_CPU="CORTEX_M7"
  EMBEDDIP_TARGET_BOARD="STM32F7"

-- The C compiler identification is GNU 14.3.1
-- The ASM compiler identification is GNU
-- Found assembler: /opt/st/stm32cubeclt_1.21.0/GNU-tools-for-STM32/bin/arm-none-eabi-gcc
-- Detecting C compiler ABI info
-- Detecting C compiler ABI info - done
-- Check for working C compiler: /opt/st/stm32cubeclt_1.21.0/GNU-tools-for-STM32/bin/arm-none-eabi-gcc - skipped
-- Detecting C compile features
-- Detecting C compile features - done
-- The CXX compiler identification is GNU 14.3.1
-- Detecting CXX compiler ABI info
-- Detecting CXX compiler ABI info - done
-- Check for working CXX compiler: /opt/st/stm32cubeclt_1.21.0/GNU-tools-for-STM32/bin/arm-none-eabi-g++ - skipped
-- Detecting CXX compile features
-- Detecting CXX compile features - done
-- Added CMSIS-DSP sources (C + ASM)
-- Configuring done (0.2s)
-- Generating done (0.0s)
-- Build files have been written to: /media/odurgut/82a56851-6a27-45e3-afb0-3549236924ca/sda1/book/examples-stm32-c/build/Debug
