[1/379] Building ASM object CMakeFiles/dip-vs.dir/startup_stm32f746xx.s.obj
[2/379] Building C object CMakeFiles/dip-vs.dir/Core/Src/sysmem.c.obj
[3/379] Building C object CMakeFiles/dip-vs.dir/LIBJPEG/App/libjpeg.c.obj
[4/379] Building C object CMakeFiles/dip-vs.dir/Core/Src/syscalls.c.obj
[5/379] Building C object CMakeFiles/dip-vs.dir/Core/Src/compress.c.obj
[6/379] Building C object CMakeFiles/dip-vs.dir/Core/Src/stm32f7xx_it.c.obj
In file included from /media/odurgut/82a56851-6a27-45e3-afb0-3549236924ca/sda1/book/examples-stm32-c/cmake/stm32cubemx/../../Drivers/CMSIS/Device/ST/STM32F7xx/Include/stm32f7xx.h:127,
                 from /media/odurgut/82a56851-6a27-45e3-afb0-3549236924ca/sda1/book/examples-stm32-c/cmake/stm32cubemx/../../Drivers/STM32F7xx_HAL_Driver/Inc/stm32f7xx_hal_def.h:29,
                 from /media/odurgut/82a56851-6a27-45e3-afb0-3549236924ca/sda1/book/examples-stm32-c/cmake/stm32cubemx/../../Drivers/STM32F7xx_HAL_Driver/Inc/stm32f7xx_hal_rcc.h:27,
                 from /media/odurgut/82a56851-6a27-45e3-afb0-3549236924ca/sda1/book/examples-stm32-c/cmake/stm32cubemx/../../Core/Inc/stm32f7xx_hal_conf.h:271,
                 from /media/odurgut/82a56851-6a27-45e3-afb0-3549236924ca/sda1/book/examples-stm32-c/cmake/stm32cubemx/../../Drivers/STM32F7xx_HAL_Driver/Inc/stm32f7xx_hal.h:29,
                 from /media/odurgut/82a56851-6a27-45e3-afb0-3549236924ca/sda1/book/examples-stm32-c/cmake/stm32cubemx/../../Core/Inc/main.h:30,
                 from /media/odurgut/82a56851-6a27-45e3-afb0-3549236924ca/sda1/book/examples-stm32-c/Core/Src/stm32f7xx_it.c:21:
/media/odurgut/82a56851-6a27-45e3-afb0-3549236924ca/sda1/book/examples-stm32-c/cmake/stm32cubemx/../../Drivers/CMSIS/Device/ST/STM32F7xx/Include/stm32f746xx.h:170: warning: "__FPU_PRESENT" redefined
  170 | #define __FPU_PRESENT             1U       /*!< FPU present                                   */
      | 
<command-line>: note: this is the location of the previous definition
[7/379] Building C object cmake/stm32cubemx/CMakeFiles/STM32_Drivers.dir/__/__/Drivers/STM32F7xx_HAL_Driver/Src/stm32f7xx_hal_flash.c.obj
In file included from /media/odurgut/82a56851-6a27-45e3-afb0-3549236924ca/sda1/book/examples-stm32-c/cmake/stm32cubemx/../../Drivers/CMSIS/Device/ST/STM32F7xx/Include/stm32f7xx.h:127,
                 from /media/odurgut/82a56851-6a27-45e3-afb0-3549236924ca/sda1/book/examples-stm32-c/cmake/stm32cubemx/../../Drivers/STM32F7xx_HAL_Driver/Inc/stm32f7xx_hal_def.h:29,
                 from /media/odurgut/82a56851-6a27-45e3-afb0-3549236924ca/sda1/book/examples-stm32-c/cmake/stm32cubemx/../../Drivers/STM32F7xx_HAL_Driver/Inc/stm32f7xx_hal_rcc.h:27,
                 from /media/odurgut/82a56851-6a27-45e3-afb0-3549236924ca/sda1/book/examples-stm32-c/cmake/stm32cubemx/../../Core/Inc/stm32f7xx_hal_conf.h:271,
                 from /media/odurgut/82a56851-6a27-45e3-afb0-3549236924ca/sda1/book/examples-stm32-c/cmake/stm32cubemx/../../Drivers/STM32F7xx_HAL_Driver/Inc/stm32f7xx_hal.h:29,
                 from /media/odurgut/82a56851-6a27-45e3-afb0-3549236924ca/sda1/book/examples-stm32-c/Drivers/STM32F7xx_HAL_Driver/Src/stm32f7xx_hal_flash.c:83:
/media/odurgut/82a56851-6a27-45e3-afb0-3549236924ca/sda1/book/examples-stm32-c/cmake/stm32cubemx/../../Drivers/CMSIS/Device/ST/STM32F7xx/Include/stm32f746xx.h:170: warning: "__FPU_PRESENT" redefined
  170 | #define __FPU_PRESENT             1U       /*!< FPU present                                   */
      | 
<command-line>: note: this is the location of the previous definition
[8/379] Building C object cmake/stm32cubemx/CMakeFiles/STM32_Drivers.dir/__/__/Core/Src/system_stm32f7xx.c.obj
In file included from /media/odurgut/82a56851-6a27-45e3-afb0-3549236924ca/sda1/book/examples-stm32-c/cmake/stm32cubemx/../../Drivers/CMSIS/Device/ST/STM32F7xx/Include/stm32f7xx.h:127,
                 from /media/odurgut/82a56851-6a27-45e3-afb0-3549236924ca/sda1/book/examples-stm32-c/Core/Src/system_stm32f7xx.c:47:
/media/odurgut/82a56851-6a27-45e3-afb0-3549236924ca/sda1/book/examples-stm32-c/cmake/stm32cubemx/../../Drivers/CMSIS/Device/ST/STM32F7xx/Include/stm32f746xx.h:170: warning: "__FPU_PRESENT" redefined
  170 | #define __FPU_PRESENT             1U       /*!< FPU present                                   */
      | 
<command-line>: note: this is the location of the previous definition
[9/379] Building C object cmake/stm32cubemx/CMakeFiles/STM32_Drivers.dir/__/__/Drivers/STM32F7xx_HAL_Driver/Src/stm32f7xx_hal_cortex.c.obj
In file included from /media/odurgut/82a56851-6a27-45e3-afb0-3549236924ca/sda1/book/examples-stm32-c/cmake/stm32cubemx/../../Drivers/CMSIS/Device/ST/STM32F7xx/Include/stm32f7xx.h:127,
                 from /media/odurgut/82a56851-6a27-45e3-afb0-3549236924ca/sda1/book/examples-stm32-c/cmake/stm32cubemx/../../Drivers/STM32F7xx_HAL_Driver/Inc/stm32f7xx_hal_def.h:29,
                 from /media/odurgut/82a56851-6a27-45e3-afb0-3549236924ca/sda1/book/examples-stm32-c/cmake/stm32cubemx/../../Drivers/STM32F7xx_HAL_Driver/Inc/stm32f7xx_hal_rcc.h:27,
                 from /media/odurgut/82a56851-6a27-45e3-afb0-3549236924ca/sda1/book/examples-stm32-c/cmake/stm32cubemx/../../Core/Inc/stm32f7xx_hal_conf.h:271,
                 from /media/odurgut/82a56851-6a27-45e3-afb0-3549236924ca/sda1/book/examples-stm32-c/cmake/stm32cubemx/../../Drivers/STM32F7xx_HAL_Driver/Inc/stm32f7xx_hal.h:29,
                 from /media/odurgut/82a56851-6a27-45e3-afb0-3549236924ca/sda1/book/examples-stm32-c/Drivers/STM32F7xx_HAL_Driver/Src/stm32f7xx_hal_cortex.c:82:
/media/odurgut/82a56851-6a27-45e3-afb0-3549236924ca/sda1/book/examples-stm32-c/cmake/stm32cubemx/../../Drivers/CMSIS/Device/ST/STM32F7xx/Include/stm32f746xx.h:170: warning: "__FPU_PRESENT" redefined
  170 | #define __FPU_PRESENT             1U       /*!< FPU present                                   */
      | 
<command-line>: note: this is the location of the previous definition
[10/379] Building C object cmake/stm32cubemx/CMakeFiles/STM32_Drivers.dir/__/__/Drivers/STM32F7xx_HAL_Driver/Src/stm32f7xx_hal_flash_ex.c.obj
In file included from /media/odurgut/82a56851-6a27-45e3-afb0-3549236924ca/sda1/book/examples-stm32-c/cmake/stm32cubemx/../../Drivers/CMSIS/Device/ST/STM32F7xx/Include/stm32f7xx.h:127,
                 from /media/odurgut/82a56851-6a27-45e3-afb0-3549236924ca/sda1/book/examples-stm32-c/cmake/stm32cubemx/../../Drivers/STM32F7xx_HAL_Driver/Inc/stm32f7xx_hal_def.h:29,
                 from /media/odurgut/82a56851-6a27-45e3-afb0-3549236924ca/sda1/book/examples-stm32-c/cmake/stm32cubemx/../../Drivers/STM32F7xx_HAL_Driver/Inc/stm32f7xx_hal_rcc.h:27,
                 from /media/odurgut/82a56851-6a27-45e3-afb0-3549236924ca/sda1/book/examples-stm32-c/cmake/stm32cubemx/../../Core/Inc/stm32f7xx_hal_conf.h:271,
                 from /media/odurgut/82a56851-6a27-45e3-afb0-3549236924ca/sda1/book/examples-stm32-c/cmake/stm32cubemx/../../Drivers/STM32F7xx_HAL_Driver/Inc/stm32f7xx_hal.h:29,
                 from /media/odurgut/82a56851-6a27-45e3-afb0-3549236924ca/sda1/book/examples-stm32-c/Drivers/STM32F7xx_HAL_Driver/Src/stm32f7xx_hal_flash_ex.c:55:
/media/odurgut/82a56851-6a27-45e3-afb0-3549236924ca/sda1/book/examples-stm32-c/cmake/stm32cubemx/../../Drivers/CMSIS/Device/ST/STM32F7xx/Include/stm32f746xx.h:170: warning: "__FPU_PRESENT" redefined
  170 | #define __FPU_PRESENT             1U       /*!< FPU present                                   */
      | 
<command-line>: note: this is the location of the previous definition
[11/379] Building C object cmake/stm32cubemx/CMakeFiles/STM32_Drivers.dir/__/__/Drivers/STM32F7xx_HAL_Driver/Src/stm32f7xx_hal_dcmi_ex.c.obj
In file included from /media/odurgut/82a56851-6a27-45e3-afb0-3549236924ca/sda1/book/examples-stm32-c/cmake/stm32cubemx/../../Drivers/CMSIS/Device/ST/STM32F7xx/Include/stm32f7xx.h:127,
                 from /media/odurgut/82a56851-6a27-45e3-afb0-3549236924ca/sda1/book/examples-stm32-c/cmake/stm32cubemx/../../Drivers/STM32F7xx_HAL_Driver/Inc/stm32f7xx_hal_def.h:29,
                 from /media/odurgut/82a56851-6a27-45e3-afb0-3549236924ca/sda1/book/examples-stm32-c/cmake/stm32cubemx/../../Drivers/STM32F7xx_HAL_Driver/Inc/stm32f7xx_hal_rcc.h:27,
                 from /media/odurgut/82a56851-6a27-45e3-afb0-3549236924ca/sda1/book/examples-stm32-c/cmake/stm32cubemx/../../Core/Inc/stm32f7xx_hal_conf.h:271,
                 from /media/odurgut/82a56851-6a27-45e3-afb0-3549236924ca/sda1/book/examples-stm32-c/cmake/stm32cubemx/../../Drivers/STM32F7xx_HAL_Driver/Inc/stm32f7xx_hal.h:29,
                 from /media/odurgut/82a56851-6a27-45e3-afb0-3549236924ca/sda1/book/examples-stm32-c/Drivers/STM32F7xx_HAL_Driver/Src/stm32f7xx_hal_dcmi_ex.c:24:
/media/odurgut/82a56851-6a27-45e3-afb0-3549236924ca/sda1/book/examples-stm32-c/cmake/stm32cubemx/../../Drivers/CMSIS/Device/ST/STM32F7xx/Include/stm32f746xx.h:170: warning: "__FPU_PRESENT" redefined
  170 | #define __FPU_PRESENT             1U       /*!< FPU present                                   */
      | 
<command-line>: note: this is the location of the previous definition
[12/379] Building C object cmake/stm32cubemx/CMakeFiles/STM32_Drivers.dir/__/__/Drivers/STM32F7xx_HAL_Driver/Src/stm32f7xx_hal_rcc_ex.c.obj
In file included from /media/odurgut/82a56851-6a27-45e3-afb0-3549236924ca/sda1/book/examples-stm32-c/cmake/stm32cubemx/../../Drivers/CMSIS/Device/ST/STM32F7xx/Include/stm32f7xx.h:127,
                 from /media/odurgut/82a56851-6a27-45e3-afb0-3549236924ca/sda1/book/examples-stm32-c/cmake/stm32cubemx/../../Drivers/STM32F7xx_HAL_Driver/Inc/stm32f7xx_hal_def.h:29,
                 from /media/odurgut/82a56851-6a27-45e3-afb0-3549236924ca/sda1/book/examples-stm32-c/cmake/stm32cubemx/../../Drivers/STM32F7xx_HAL_Driver/Inc/stm32f7xx_hal_rcc.h:27,
                 from /media/odurgut/82a56851-6a27-45e3-afb0-3549236924ca/sda1/book/examples-stm32-c/cmake/stm32cubemx/../../Core/Inc/stm32f7xx_hal_conf.h:271,
                 from /media/odurgut/82a56851-6a27-45e3-afb0-3549236924ca/sda1/book/examples-stm32-c/cmake/stm32cubemx/../../Drivers/STM32F7xx_HAL_Driver/Inc/stm32f7xx_hal.h:29,
                 from /media/odurgut/82a56851-6a27-45e3-afb0-3549236924ca/sda1/book/examples-stm32-c/Drivers/STM32F7xx_HAL_Driver/Src/stm32f7xx_hal_rcc_ex.c:23:
/media/odurgut/82a56851-6a27-45e3-afb0-3549236924ca/sda1/book/examples-stm32-c/cmake/stm32cubemx/../../Drivers/CMSIS/Device/ST/STM32F7xx/Include/stm32f746xx.h:170: warning: "__FPU_PRESENT" redefined
  170 | #define __FPU_PRESENT             1U       /*!< FPU present                                   */
      | 
<command-line>: note: this is the location of the previous definition
[13/379] Building C object cmake/stm32cubemx/CMakeFiles/STM32_Drivers.dir/__/__/Drivers/STM32F7xx_HAL_Driver/Src/stm32f7xx_hal_dcmi.c.obj
In file included from /media/odurgut/82a56851-6a27-45e3-afb0-3549236924ca/sda1/book/examples-stm32-c/cmake/stm32cubemx/../../Drivers/CMSIS/Device/ST/STM32F7xx/Include/stm32f7xx.h:127,
                 from /media/odurgut/82a56851-6a27-45e3-afb0-3549236924ca/sda1/book/examples-stm32-c/cmake/stm32cubemx/../../Drivers/STM32F7xx_HAL_Driver/Inc/stm32f7xx_hal_def.h:29,
                 from /media/odurgut/82a56851-6a27-45e3-afb0-3549236924ca/sda1/book/examples-stm32-c/cmake/stm32cubemx/../../Drivers/STM32F7xx_HAL_Driver/Inc/stm32f7xx_hal_rcc.h:27,
                 from /media/odurgut/82a56851-6a27-45e3-afb0-3549236924ca/sda1/book/examples-stm32-c/cmake/stm32cubemx/../../Core/Inc/stm32f7xx_hal_conf.h:271,
                 from /media/odurgut/82a56851-6a27-45e3-afb0-3549236924ca/sda1/book/examples-stm32-c/cmake/stm32cubemx/../../Drivers/STM32F7xx_HAL_Driver/Inc/stm32f7xx_hal.h:29,
                 from /media/odurgut/82a56851-6a27-45e3-afb0-3549236924ca/sda1/book/examples-stm32-c/Drivers/STM32F7xx_HAL_Driver/Src/stm32f7xx_hal_dcmi.c:126:
/media/odurgut/82a56851-6a27-45e3-afb0-3549236924ca/sda1/book/examples-stm32-c/cmake/stm32cubemx/../../Drivers/CMSIS/Device/ST/STM32F7xx/Include/stm32f746xx.h:170: warning: "__FPU_PRESENT" redefined
  170 | #define __FPU_PRESENT             1U       /*!< FPU present                                   */
      | 
<command-line>: note: this is the location of the previous definition
[14/379] Building C object cmake/stm32cubemx/CMakeFiles/STM32_Drivers.dir/__/__/Drivers/STM32F7xx_HAL_Driver/Src/stm32f7xx_hal_rcc.c.obj
In file included from /media/odurgut/82a56851-6a27-45e3-afb0-3549236924ca/sda1/book/examples-stm32-c/cmake/stm32cubemx/../../Drivers/CMSIS/Device/ST/STM32F7xx/Include/stm32f7xx.h:127,
                 from /media/odurgut/82a56851-6a27-45e3-afb0-3549236924ca/sda1/book/examples-stm32-c/cmake/stm32cubemx/../../Drivers/STM32F7xx_HAL_Driver/Inc/stm32f7xx_hal_def.h:29,
                 from /media/odurgut/82a56851-6a27-45e3-afb0-3549236924ca/sda1/book/examples-stm32-c/cmake/stm32cubemx/../../Drivers/STM32F7xx_HAL_Driver/Inc/stm32f7xx_hal_rcc.h:27,
                 from /media/odurgut/82a56851-6a27-45e3-afb0-3549236924ca/sda1/book/examples-stm32-c/cmake/stm32cubemx/../../Core/Inc/stm32f7xx_hal_conf.h:271,
                 from /media/odurgut/82a56851-6a27-45e3-afb0-3549236924ca/sda1/book/examples-stm32-c/cmake/stm32cubemx/../../Drivers/STM32F7xx_HAL_Driver/Inc/stm32f7xx_hal.h:29,
                 from /media/odurgut/82a56851-6a27-45e3-afb0-3549236924ca/sda1/book/examples-stm32-c/Drivers/STM32F7xx_HAL_Driver/Src/stm32f7xx_hal_rcc.c:67:
/media/odurgut/82a56851-6a27-45e3-afb0-3549236924ca/sda1/book/examples-stm32-c/cmake/stm32cubemx/../../Drivers/CMSIS/Device/ST/STM32F7xx/Include/stm32f746xx.h:170: warning: "__FPU_PRESENT" redefined
  170 | #define __FPU_PRESENT             1U       /*!< FPU present                                   */
      | 
<command-line>: note: this is the location of the previous definition
[15/379] Building C object CMakeFiles/dip-vs.dir/Core/Src/stm32f7xx_hal_msp.c.obj
In file included from /media/odurgut/82a56851-6a27-45e3-afb0-3549236924ca/sda1/book/examples-stm32-c/cmake/stm32cubemx/../../Drivers/CMSIS/Device/ST/STM32F7xx/Include/stm32f7xx.h:127,
                 from /media/odurgut/82a56851-6a27-45e3-afb0-3549236924ca/sda1/book/examples-stm32-c/cmake/stm32cubemx/../../Drivers/STM32F7xx_HAL_Driver/Inc/stm32f7xx_hal_def.h:29,
                 from /media/odurgut/82a56851-6a27-45e3-afb0-3549236924ca/sda1/book/examples-stm32-c/cmake/stm32cubemx/../../Drivers/STM32F7xx_HAL_Driver/Inc/stm32f7xx_hal_rcc.h:27,
                 from /media/odurgut/82a56851-6a27-45e3-afb0-3549236924ca/sda1/book/examples-stm32-c/cmake/stm32cubemx/../../Core/Inc/stm32f7xx_hal_conf.h:271,
                 from /media/odurgut/82a56851-6a27-45e3-afb0-3549236924ca/sda1/book/examples-stm32-c/cmake/stm32cubemx/../../Drivers/STM32F7xx_HAL_Driver/Inc/stm32f7xx_hal.h:29,
                 from /media/odurgut/82a56851-6a27-45e3-afb0-3549236924ca/sda1/book/examples-stm32-c/cmake/stm32cubemx/../../Core/Inc/main.h:30,
                 from /media/odurgut/82a56851-6a27-45e3-afb0-3549236924ca/sda1/book/examples-stm32-c/Core/Src/stm32f7xx_hal_msp.c:21:
/media/odurgut/82a56851-6a27-45e3-afb0-3549236924ca/sda1/book/examples-stm32-c/cmake/stm32cubemx/../../Drivers/CMSIS/Device/ST/STM32F7xx/Include/stm32f746xx.h:170: warning: "__FPU_PRESENT" redefined
  170 | #define __FPU_PRESENT             1U       /*!< FPU present                                   */
      | 
<command-line>: note: this is the location of the previous definition
[16/379] Building C object cmake/stm32cubemx/CMakeFiles/STM32_Drivers.dir/__/__/Drivers/STM32F7xx_HAL_Driver/Src/stm32f7xx_hal_gpio.c.obj
In file included from /media/odurgut/82a56851-6a27-45e3-afb0-3549236924ca/sda1/book/examples-stm32-c/cmake/stm32cubemx/../../Drivers/CMSIS/Device/ST/STM32F7xx/Include/stm32f7xx.h:127,
                 from /media/odurgut/82a56851-6a27-45e3-afb0-3549236924ca/sda1/book/examples-stm32-c/cmake/stm32cubemx/../../Drivers/STM32F7xx_HAL_Driver/Inc/stm32f7xx_hal_def.h:29,
                 from /media/odurgut/82a56851-6a27-45e3-afb0-3549236924ca/sda1/book/examples-stm32-c/cmake/stm32cubemx/../../Drivers/STM32F7xx_HAL_Driver/Inc/stm32f7xx_hal_rcc.h:27,
                 from /media/odurgut/82a56851-6a27-45e3-afb0-3549236924ca/sda1/book/examples-stm32-c/cmake/stm32cubemx/../../Core/Inc/stm32f7xx_hal_conf.h:271,
                 from /media/odurgut/82a56851-6a27-45e3-afb0-3549236924ca/sda1/book/examples-stm32-c/cmake/stm32cubemx/../../Drivers/STM32F7xx_HAL_Driver/Inc/stm32f7xx_hal.h:29,
                 from /media/odurgut/82a56851-6a27-45e3-afb0-3549236924ca/sda1/book/examples-stm32-c/Drivers/STM32F7xx_HAL_Driver/Src/stm32f7xx_hal_gpio.c:108:
/media/odurgut/82a56851-6a27-45e3-afb0-3549236924ca/sda1/book/examples-stm32-c/cmake/stm32cubemx/../../Drivers/CMSIS/Device/ST/STM32F7xx/Include/stm32f746xx.h:170: warning: "__FPU_PRESENT" redefined
  170 | #define __FPU_PRESENT             1U       /*!< FPU present                                   */
      | 
<command-line>: note: this is the location of the previous definition
[17/379] Building C object cmake/stm32cubemx/CMakeFiles/STM32_Drivers.dir/__/__/Drivers/STM32F7xx_HAL_Driver/Src/stm32f7xx_hal_dma.c.obj
In file included from /media/odurgut/82a56851-6a27-45e3-afb0-3549236924ca/sda1/book/examples-stm32-c/cmake/stm32cubemx/../../Drivers/CMSIS/Device/ST/STM32F7xx/Include/stm32f7xx.h:127,
                 from /media/odurgut/82a56851-6a27-45e3-afb0-3549236924ca/sda1/book/examples-stm32-c/cmake/stm32cubemx/../../Drivers/STM32F7xx_HAL_Driver/Inc/stm32f7xx_hal_def.h:29,
                 from /media/odurgut/82a56851-6a27-45e3-afb0-3549236924ca/sda1/book/examples-stm32-c/cmake/stm32cubemx/../../Drivers/STM32F7xx_HAL_Driver/Inc/stm32f7xx_hal_rcc.h:27,
                 from /media/odurgut/82a56851-6a27-45e3-afb0-3549236924ca/sda1/book/examples-stm32-c/cmake/stm32cubemx/../../Core/Inc/stm32f7xx_hal_conf.h:271,
                 from /media/odurgut/82a56851-6a27-45e3-afb0-3549236924ca/sda1/book/examples-stm32-c/cmake/stm32cubemx/../../Drivers/STM32F7xx_HAL_Driver/Inc/stm32f7xx_hal.h:29,
                 from /media/odurgut/82a56851-6a27-45e3-afb0-3549236924ca/sda1/book/examples-stm32-c/Drivers/STM32F7xx_HAL_Driver/Src/stm32f7xx_hal_dma.c:98:
/media/odurgut/82a56851-6a27-45e3-afb0-3549236924ca/sda1/book/examples-stm32-c/cmake/stm32cubemx/../../Drivers/CMSIS/Device/ST/STM32F7xx/Include/stm32f746xx.h:170: warning: "__FPU_PRESENT" redefined
  170 | #define __FPU_PRESENT             1U       /*!< FPU present                                   */
      | 
<command-line>: note: this is the location of the previous definition
[18/379] Building C object cmake/stm32cubemx/CMakeFiles/STM32_Drivers.dir/__/__/Drivers/STM32F7xx_HAL_Driver/Src/stm32f7xx_hal_dma_ex.c.obj
In file included from /media/odurgut/82a56851-6a27-45e3-afb0-3549236924ca/sda1/book/examples-stm32-c/cmake/stm32cubemx/../../Drivers/CMSIS/Device/ST/STM32F7xx/Include/stm32f7xx.h:127,
                 from /media/odurgut/82a56851-6a27-45e3-afb0-3549236924ca/sda1/book/examples-stm32-c/cmake/stm32cubemx/../../Drivers/STM32F7xx_HAL_Driver/Inc/stm32f7xx_hal_def.h:29,
                 from /media/odurgut/82a56851-6a27-45e3-afb0-3549236924ca/sda1/book/examples-stm32-c/cmake/stm32cubemx/../../Drivers/STM32F7xx_HAL_Driver/Inc/stm32f7xx_hal_rcc.h:27,
                 from /media/odurgut/82a56851-6a27-45e3-afb0-3549236924ca/sda1/book/examples-stm32-c/cmake/stm32cubemx/../../Core/Inc/stm32f7xx_hal_conf.h:271,
                 from /media/odurgut/82a56851-6a27-45e3-afb0-3549236924ca/sda1/book/examples-stm32-c/cmake/stm32cubemx/../../Drivers/STM32F7xx_HAL_Driver/Inc/stm32f7xx_hal.h:29,
                 from /media/odurgut/82a56851-6a27-45e3-afb0-3549236924ca/sda1/book/examples-stm32-c/Drivers/STM32F7xx_HAL_Driver/Src/stm32f7xx_hal_dma_ex.c:39:
/media/odurgut/82a56851-6a27-45e3-afb0-3549236924ca/sda1/book/examples-stm32-c/cmake/stm32cubemx/../../Drivers/CMSIS/Device/ST/STM32F7xx/Include/stm32f746xx.h:170: warning: "__FPU_PRESENT" redefined
  170 | #define __FPU_PRESENT             1U       /*!< FPU present                                   */
      | 
<command-line>: note: this is the location of the previous definition
[19/379] Building C object cmake/stm32cubemx/CMakeFiles/STM32_Drivers.dir/__/__/Drivers/STM32F7xx_HAL_Driver/Src/stm32f7xx_hal_exti.c.obj
In file included from /media/odurgut/82a56851-6a27-45e3-afb0-3549236924ca/sda1/book/examples-stm32-c/cmake/stm32cubemx/../../Drivers/CMSIS/Device/ST/STM32F7xx/Include/stm32f7xx.h:127,
                 from /media/odurgut/82a56851-6a27-45e3-afb0-3549236924ca/sda1/book/examples-stm32-c/cmake/stm32cubemx/../../Drivers/STM32F7xx_HAL_Driver/Inc/stm32f7xx_hal_def.h:29,
                 from /media/odurgut/82a56851-6a27-45e3-afb0-3549236924ca/sda1/book/examples-stm32-c/cmake/stm32cubemx/../../Drivers/STM32F7xx_HAL_Driver/Inc/stm32f7xx_hal_rcc.h:27,
                 from /media/odurgut/82a56851-6a27-45e3-afb0-3549236924ca/sda1/book/examples-stm32-c/cmake/stm32cubemx/../../Core/Inc/stm32f7xx_hal_conf.h:271,
                 from /media/odurgut/82a56851-6a27-45e3-afb0-3549236924ca/sda1/book/examples-stm32-c/cmake/stm32cubemx/../../Drivers/STM32F7xx_HAL_Driver/Inc/stm32f7xx_hal.h:29,
                 from /media/odurgut/82a56851-6a27-45e3-afb0-3549236924ca/sda1/book/examples-stm32-c/Drivers/STM32F7xx_HAL_Driver/Src/stm32f7xx_hal_exti.c:86:
/media/odurgut/82a56851-6a27-45e3-afb0-3549236924ca/sda1/book/examples-stm32-c/cmake/stm32cubemx/../../Drivers/CMSIS/Device/ST/STM32F7xx/Include/stm32f746xx.h:170: warning: "__FPU_PRESENT" redefined
  170 | #define __FPU_PRESENT             1U       /*!< FPU present                                   */
      | 
<command-line>: note: this is the location of the previous definition
[20/379] Building C object cmake/stm32cubemx/CMakeFiles/STM32_Drivers.dir/__/__/Drivers/STM32F7xx_HAL_Driver/Src/stm32f7xx_hal_pwr.c.obj
In file included from /media/odurgut/82a56851-6a27-45e3-afb0-3549236924ca/sda1/book/examples-stm32-c/cmake/stm32cubemx/../../Drivers/CMSIS/Device/ST/STM32F7xx/Include/stm32f7xx.h:127,
                 from /media/odurgut/82a56851-6a27-45e3-afb0-3549236924ca/sda1/book/examples-stm32-c/cmake/stm32cubemx/../../Drivers/STM32F7xx_HAL_Driver/Inc/stm32f7xx_hal_def.h:29,
                 from /media/odurgut/82a56851-6a27-45e3-afb0-3549236924ca/sda1/book/examples-stm32-c/cmake/stm32cubemx/../../Drivers/STM32F7xx_HAL_Driver/Inc/stm32f7xx_hal_rcc.h:27,
                 from /media/odurgut/82a56851-6a27-45e3-afb0-3549236924ca/sda1/book/examples-stm32-c/cmake/stm32cubemx/../../Core/Inc/stm32f7xx_hal_conf.h:271,
                 from /media/odurgut/82a56851-6a27-45e3-afb0-3549236924ca/sda1/book/examples-stm32-c/cmake/stm32cubemx/../../Drivers/STM32F7xx_HAL_Driver/Inc/stm32f7xx_hal.h:29,
                 from /media/odurgut/82a56851-6a27-45e3-afb0-3549236924ca/sda1/book/examples-stm32-c/Drivers/STM32F7xx_HAL_Driver/Src/stm32f7xx_hal_pwr.c:25:
/media/odurgut/82a56851-6a27-45e3-afb0-3549236924ca/sda1/book/examples-stm32-c/cmake/stm32cubemx/../../Drivers/CMSIS/Device/ST/STM32F7xx/Include/stm32f746xx.h:170: warning: "__FPU_PRESENT" redefined
  170 | #define __FPU_PRESENT             1U       /*!< FPU present                                   */
      | 
<command-line>: note: this is the location of the previous definition
[21/379] Building C object cmake/stm32cubemx/CMakeFiles/STM32_Drivers.dir/__/__/Drivers/STM32F7xx_HAL_Driver/Src/stm32f7xx_hal_pwr_ex.c.obj
In file included from /media/odurgut/82a56851-6a27-45e3-afb0-3549236924ca/sda1/book/examples-stm32-c/cmake/stm32cubemx/../../Drivers/CMSIS/Device/ST/STM32F7xx/Include/stm32f7xx.h:127,
                 from /media/odurgut/82a56851-6a27-45e3-afb0-3549236924ca/sda1/book/examples-stm32-c/cmake/stm32cubemx/../../Drivers/STM32F7xx_HAL_Driver/Inc/stm32f7xx_hal_def.h:29,
                 from /media/odurgut/82a56851-6a27-45e3-afb0-3549236924ca/sda1/book/examples-stm32-c/cmake/stm32cubemx/../../Drivers/STM32F7xx_HAL_Driver/Inc/stm32f7xx_hal_rcc.h:27,
                 from /media/odurgut/82a56851-6a27-45e3-afb0-3549236924ca/sda1/book/examples-stm32-c/cmake/stm32cubemx/../../Core/Inc/stm32f7xx_hal_conf.h:271,
                 from /media/odurgut/82a56851-6a27-45e3-afb0-3549236924ca/sda1/book/examples-stm32-c/cmake/stm32cubemx/../../Drivers/STM32F7xx_HAL_Driver/Inc/stm32f7xx_hal.h:29,
                 from /media/odurgut/82a56851-6a27-45e3-afb0-3549236924ca/sda1/book/examples-stm32-c/Drivers/STM32F7xx_HAL_Driver/Src/stm32f7xx_hal_pwr_ex.c:24:
/media/odurgut/82a56851-6a27-45e3-afb0-3549236924ca/sda1/book/examples-stm32-c/cmake/stm32cubemx/../../Drivers/CMSIS/Device/ST/STM32F7xx/Include/stm32f746xx.h:170: warning: "__FPU_PRESENT" redefined
  170 | #define __FPU_PRESENT             1U       /*!< FPU present                                   */
      | 
<command-line>: note: this is the location of the previous definition
[22/379] Building C object cmake/stm32cubemx/CMakeFiles/STM32_Drivers.dir/__/__/Drivers/STM32F7xx_HAL_Driver/Src/stm32f7xx_hal_i2c_ex.c.obj
In file included from /media/odurgut/82a56851-6a27-45e3-afb0-3549236924ca/sda1/book/examples-stm32-c/cmake/stm32cubemx/../../Drivers/CMSIS/Device/ST/STM32F7xx/Include/stm32f7xx.h:127,
                 from /media/odurgut/82a56851-6a27-45e3-afb0-3549236924ca/sda1/book/examples-stm32-c/cmake/stm32cubemx/../../Drivers/STM32F7xx_HAL_Driver/Inc/stm32f7xx_hal_def.h:29,
                 from /media/odurgut/82a56851-6a27-45e3-afb0-3549236924ca/sda1/book/examples-stm32-c/cmake/stm32cubemx/../../Drivers/STM32F7xx_HAL_Driver/Inc/stm32f7xx_hal_rcc.h:27,
                 from /media/odurgut/82a56851-6a27-45e3-afb0-3549236924ca/sda1/book/examples-stm32-c/cmake/stm32cubemx/../../Core/Inc/stm32f7xx_hal_conf.h:271,
                 from /media/odurgut/82a56851-6a27-45e3-afb0-3549236924ca/sda1/book/examples-stm32-c/cmake/stm32cubemx/../../Drivers/STM32F7xx_HAL_Driver/Inc/stm32f7xx_hal.h:29,
                 from /media/odurgut/82a56851-6a27-45e3-afb0-3549236924ca/sda1/book/examples-stm32-c/Drivers/STM32F7xx_HAL_Driver/Src/stm32f7xx_hal_i2c_ex.c:46:
/media/odurgut/82a56851-6a27-45e3-afb0-3549236924ca/sda1/book/examples-stm32-c/cmake/stm32cubemx/../../Drivers/CMSIS/Device/ST/STM32F7xx/Include/stm32f746xx.h:170: warning: "__FPU_PRESENT" redefined
  170 | #define __FPU_PRESENT             1U       /*!< FPU present                                   */
      | 
<command-line>: note: this is the location of the previous definition
[23/379] Building C object cmake/stm32cubemx/CMakeFiles/STM32_Drivers.dir/__/__/Drivers/STM32F7xx_HAL_Driver/Src/stm32f7xx_hal.c.obj
In file included from /media/odurgut/82a56851-6a27-45e3-afb0-3549236924ca/sda1/book/examples-stm32-c/cmake/stm32cubemx/../../Drivers/CMSIS/Device/ST/STM32F7xx/Include/stm32f7xx.h:127,
                 from /media/odurgut/82a56851-6a27-45e3-afb0-3549236924ca/sda1/book/examples-stm32-c/cmake/stm32cubemx/../../Drivers/STM32F7xx_HAL_Driver/Inc/stm32f7xx_hal_def.h:29,
                 from /media/odurgut/82a56851-6a27-45e3-afb0-3549236924ca/sda1/book/examples-stm32-c/cmake/stm32cubemx/../../Drivers/STM32F7xx_HAL_Driver/Inc/stm32f7xx_hal_rcc.h:27,
                 from /media/odurgut/82a56851-6a27-45e3-afb0-3549236924ca/sda1/book/examples-stm32-c/cmake/stm32cubemx/../../Core/Inc/stm32f7xx_hal_conf.h:271,
                 from /media/odurgut/82a56851-6a27-45e3-afb0-3549236924ca/sda1/book/examples-stm32-c/cmake/stm32cubemx/../../Drivers/STM32F7xx_HAL_Driver/Inc/stm32f7xx_hal.h:29,
                 from /media/odurgut/82a56851-6a27-45e3-afb0-3549236924ca/sda1/book/examples-stm32-c/Drivers/STM32F7xx_HAL_Driver/Src/stm32f7xx_hal.c:36:
/media/odurgut/82a56851-6a27-45e3-afb0-3549236924ca/sda1/book/examples-stm32-c/cmake/stm32cubemx/../../Drivers/CMSIS/Device/ST/STM32F7xx/Include/stm32f746xx.h:170: warning: "__FPU_PRESENT" redefined
  170 | #define __FPU_PRESENT             1U       /*!< FPU present                                   */
      | 
<command-line>: note: this is the location of the previous definition
[24/379] Building C object cmake/stm32cubemx/CMakeFiles/STM32_Drivers.dir/__/__/Drivers/STM32F7xx_HAL_Driver/Src/stm32f7xx_hal_nor.c.obj
In file included from /media/odurgut/82a56851-6a27-45e3-afb0-3549236924ca/sda1/book/examples-stm32-c/cmake/stm32cubemx/../../Drivers/CMSIS/Device/ST/STM32F7xx/Include/stm32f7xx.h:127,
                 from /media/odurgut/82a56851-6a27-45e3-afb0-3549236924ca/sda1/book/examples-stm32-c/cmake/stm32cubemx/../../Drivers/STM32F7xx_HAL_Driver/Inc/stm32f7xx_hal_def.h:29,
                 from /media/odurgut/82a56851-6a27-45e3-afb0-3549236924ca/sda1/book/examples-stm32-c/cmake/stm32cubemx/../../Drivers/STM32F7xx_HAL_Driver/Inc/stm32f7xx_hal_rcc.h:27,
                 from /media/odurgut/82a56851-6a27-45e3-afb0-3549236924ca/sda1/book/examples-stm32-c/cmake/stm32cubemx/../../Core/Inc/stm32f7xx_hal_conf.h:271,
                 from /media/odurgut/82a56851-6a27-45e3-afb0-3549236924ca/sda1/book/examples-stm32-c/cmake/stm32cubemx/../../Drivers/STM32F7xx_HAL_Driver/Inc/stm32f7xx_hal.h:29,
                 from /media/odurgut/82a56851-6a27-45e3-afb0-3549236924ca/sda1/book/examples-stm32-c/Drivers/STM32F7xx_HAL_Driver/Src/stm32f7xx_hal_nor.c:107:
/media/odurgut/82a56851-6a27-45e3-afb0-3549236924ca/sda1/book/examples-stm32-c/cmake/stm32cubemx/../../Drivers/CMSIS/Device/ST/STM32F7xx/Include/stm32f746xx.h:170: warning: "__FPU_PRESENT" redefined
  170 | #define __FPU_PRESENT             1U       /*!< FPU present                                   */
      | 
<command-line>: note: this is the location of the previous definition
[25/379] Building C object cmake/stm32cubemx/CMakeFiles/LibJPEG.dir/__/__/Middlewares/Third_Party/LibJPEG/source/jcapistd.c.obj
[26/379] Building C object cmake/stm32cubemx/CMakeFiles/LibJPEG.dir/__/__/Middlewares/Third_Party/LibJPEG/source/jcapimin.c.obj
[27/379] Building C object cmake/stm32cubemx/CMakeFiles/STM32_Drivers.dir/__/__/Drivers/STM32F7xx_HAL_Driver/Src/stm32f7xx_hal_sram.c.obj
In file included from /media/odurgut/82a56851-6a27-45e3-afb0-3549236924ca/sda1/book/examples-stm32-c/cmake/stm32cubemx/../../Drivers/CMSIS/Device/ST/STM32F7xx/Include/stm32f7xx.h:127,
                 from /media/odurgut/82a56851-6a27-45e3-afb0-3549236924ca/sda1/book/examples-stm32-c/cmake/stm32cubemx/../../Drivers/STM32F7xx_HAL_Driver/Inc/stm32f7xx_hal_def.h:29,
                 from /media/odurgut/82a56851-6a27-45e3-afb0-3549236924ca/sda1/book/examples-stm32-c/cmake/stm32cubemx/../../Drivers/STM32F7xx_HAL_Driver/Inc/stm32f7xx_hal_rcc.h:27,
                 from /media/odurgut/82a56851-6a27-45e3-afb0-3549236924ca/sda1/book/examples-stm32-c/cmake/stm32cubemx/../../Core/Inc/stm32f7xx_hal_conf.h:271,
                 from /media/odurgut/82a56851-6a27-45e3-afb0-3549236924ca/sda1/book/examples-stm32-c/cmake/stm32cubemx/../../Drivers/STM32F7xx_HAL_Driver/Inc/stm32f7xx_hal.h:29,
                 from /media/odurgut/82a56851-6a27-45e3-afb0-3549236924ca/sda1/book/examples-stm32-c/Drivers/STM32F7xx_HAL_Driver/Src/stm32f7xx_hal_sram.c:116:
/media/odurgut/82a56851-6a27-45e3-afb0-3549236924ca/sda1/book/examples-stm32-c/cmake/stm32cubemx/../../Drivers/CMSIS/Device/ST/STM32F7xx/Include/stm32f746xx.h:170: warning: "__FPU_PRESENT" redefined
  170 | #define __FPU_PRESENT             1U       /*!< FPU present                                   */
      | 
<command-line>: note: this is the location of the previous definition
[28/379] Building C object cmake/stm32cubemx/CMakeFiles/STM32_Drivers.dir/__/__/Drivers/STM32F7xx_HAL_Driver/Src/stm32f7xx_ll_fmc.c.obj
In file included from /media/odurgut/82a56851-6a27-45e3-afb0-3549236924ca/sda1/book/examples-stm32-c/cmake/stm32cubemx/../../Drivers/CMSIS/Device/ST/STM32F7xx/Include/stm32f7xx.h:127,
                 from /media/odurgut/82a56851-6a27-45e3-afb0-3549236924ca/sda1/book/examples-stm32-c/cmake/stm32cubemx/../../Drivers/STM32F7xx_HAL_Driver/Inc/stm32f7xx_hal_def.h:29,
                 from /media/odurgut/82a56851-6a27-45e3-afb0-3549236924ca/sda1/book/examples-stm32-c/cmake/stm32cubemx/../../Drivers/STM32F7xx_HAL_Driver/Inc/stm32f7xx_hal_rcc.h:27,
                 from /media/odurgut/82a56851-6a27-45e3-afb0-3549236924ca/sda1/book/examples-stm32-c/cmake/stm32cubemx/../../Core/Inc/stm32f7xx_hal_conf.h:271,
                 from /media/odurgut/82a56851-6a27-45e3-afb0-3549236924ca/sda1/book/examples-stm32-c/cmake/stm32cubemx/../../Drivers/STM32F7xx_HAL_Driver/Inc/stm32f7xx_hal.h:29,
                 from /media/odurgut/82a56851-6a27-45e3-afb0-3549236924ca/sda1/book/examples-stm32-c/Drivers/STM32F7xx_HAL_Driver/Src/stm32f7xx_ll_fmc.c:58:
/media/odurgut/82a56851-6a27-45e3-afb0-3549236924ca/sda1/book/examples-stm32-c/cmake/stm32cubemx/../../Drivers/CMSIS/Device/ST/STM32F7xx/Include/stm32f746xx.h:170: warning: "__FPU_PRESENT" redefined
  170 | #define __FPU_PRESENT             1U       /*!< FPU present                                   */
      | 
<command-line>: note: this is the location of the previous definition
[29/379] Building C object cmake/stm32cubemx/CMakeFiles/STM32_Drivers.dir/__/__/Drivers/STM32F7xx_HAL_Driver/Src/stm32f7xx_hal_nand.c.obj
In file included from /media/odurgut/82a56851-6a27-45e3-afb0-3549236924ca/sda1/book/examples-stm32-c/cmake/stm32cubemx/../../Drivers/CMSIS/Device/ST/STM32F7xx/Include/stm32f7xx.h:127,
                 from /media/odurgut/82a56851-6a27-45e3-afb0-3549236924ca/sda1/book/examples-stm32-c/cmake/stm32cubemx/../../Drivers/STM32F7xx_HAL_Driver/Inc/stm32f7xx_hal_def.h:29,
                 from /media/odurgut/82a56851-6a27-45e3-afb0-3549236924ca/sda1/book/examples-stm32-c/cmake/stm32cubemx/../../Drivers/STM32F7xx_HAL_Driver/Inc/stm32f7xx_hal_rcc.h:27,
                 from /media/odurgut/82a56851-6a27-45e3-afb0-3549236924ca/sda1/book/examples-stm32-c/cmake/stm32cubemx/../../Core/Inc/stm32f7xx_hal_conf.h:271,
                 from /media/odurgut/82a56851-6a27-45e3-afb0-3549236924ca/sda1/book/examples-stm32-c/cmake/stm32cubemx/../../Drivers/STM32F7xx_HAL_Driver/Inc/stm32f7xx_hal.h:29,
                 from /media/odurgut/82a56851-6a27-45e3-afb0-3549236924ca/sda1/book/examples-stm32-c/Drivers/STM32F7xx_HAL_Driver/Src/stm32f7xx_hal_nand.c:110:
/media/odurgut/82a56851-6a27-45e3-afb0-3549236924ca/sda1/book/examples-stm32-c/cmake/stm32cubemx/../../Drivers/CMSIS/Device/ST/STM32F7xx/Include/stm32f746xx.h:170: warning: "__FPU_PRESENT" redefined
  170 | #define __FPU_PRESENT             1U       /*!< FPU present                                   */
      | 
<command-line>: note: this is the location of the previous definition
[30/379] Building C object cmake/stm32cubemx/CMakeFiles/STM32_Drivers.dir/__/__/Drivers/STM32F7xx_HAL_Driver/Src/stm32f7xx_hal_dma2d.c.obj
In file included from /media/odurgut/82a56851-6a27-45e3-afb0-3549236924ca/sda1/book/examples-stm32-c/cmake/stm32cubemx/../../Drivers/CMSIS/Device/ST/STM32F7xx/Include/stm32f7xx.h:127,
                 from /media/odurgut/82a56851-6a27-45e3-afb0-3549236924ca/sda1/book/examples-stm32-c/cmake/stm32cubemx/../../Drivers/STM32F7xx_HAL_Driver/Inc/stm32f7xx_hal_def.h:29,
                 from /media/odurgut/82a56851-6a27-45e3-afb0-3549236924ca/sda1/book/examples-stm32-c/cmake/stm32cubemx/../../Drivers/STM32F7xx_HAL_Driver/Inc/stm32f7xx_hal_rcc.h:27,
                 from /media/odurgut/82a56851-6a27-45e3-afb0-3549236924ca/sda1/book/examples-stm32-c/cmake/stm32cubemx/../../Core/Inc/stm32f7xx_hal_conf.h:271,
                 from /media/odurgut/82a56851-6a27-45e3-afb0-3549236924ca/sda1/book/examples-stm32-c/cmake/stm32cubemx/../../Drivers/STM32F7xx_HAL_Driver/Inc/stm32f7xx_hal.h:29,
                 from /media/odurgut/82a56851-6a27-45e3-afb0-3549236924ca/sda1/book/examples-stm32-c/Drivers/STM32F7xx_HAL_Driver/Src/stm32f7xx_hal_dma2d.c:164:
/media/odurgut/82a56851-6a27-45e3-afb0-3549236924ca/sda1/book/examples-stm32-c/cmake/stm32cubemx/../../Drivers/CMSIS/Device/ST/STM32F7xx/Include/stm32f746xx.h:170: warning: "__FPU_PRESENT" redefined
  170 | #define __FPU_PRESENT             1U       /*!< FPU present                                   */
      | 
<command-line>: note: this is the location of the previous definition
[31/379] Building C object CMakeFiles/dip-vs.dir/Core/Src/main.c.obj
In file included from /media/odurgut/82a56851-6a27-45e3-afb0-3549236924ca/sda1/book/examples-stm32-c/cmake/stm32cubemx/../../Drivers/CMSIS/Device/ST/STM32F7xx/Include/stm32f7xx.h:127,
                 from /media/odurgut/82a56851-6a27-45e3-afb0-3549236924ca/sda1/book/examples-stm32-c/cmake/stm32cubemx/../../Drivers/STM32F7xx_HAL_Driver/Inc/stm32f7xx_hal_def.h:29,
                 from /media/odurgut/82a56851-6a27-45e3-afb0-3549236924ca/sda1/book/examples-stm32-c/cmake/stm32cubemx/../../Drivers/STM32F7xx_HAL_Driver/Inc/stm32f7xx_hal_rcc.h:27,
                 from /media/odurgut/82a56851-6a27-45e3-afb0-3549236924ca/sda1/book/examples-stm32-c/cmake/stm32cubemx/../../Core/Inc/stm32f7xx_hal_conf.h:271,
                 from /media/odurgut/82a56851-6a27-45e3-afb0-3549236924ca/sda1/book/examples-stm32-c/cmake/stm32cubemx/../../Drivers/STM32F7xx_HAL_Driver/Inc/stm32f7xx_hal.h:29,
                 from /media/odurgut/82a56851-6a27-45e3-afb0-3549236924ca/sda1/book/examples-stm32-c/cmake/stm32cubemx/../../Core/Inc/main.h:30,
                 from /media/odurgut/82a56851-6a27-45e3-afb0-3549236924ca/sda1/book/examples-stm32-c/Core/Src/main.c:20:
/media/odurgut/82a56851-6a27-45e3-afb0-3549236924ca/sda1/book/examples-stm32-c/cmake/stm32cubemx/../../Drivers/CMSIS/Device/ST/STM32F7xx/Include/stm32f746xx.h:170: warning: "__FPU_PRESENT" redefined
  170 | #define __FPU_PRESENT             1U       /*!< FPU present                                   */
      | 
<command-line>: note: this is the location of the previous definition
[32/379] Building C object cmake/stm32cubemx/CMakeFiles/LibJPEG.dir/__/__/Middlewares/Third_Party/LibJPEG/source/jdapimin.c.obj
[33/379] Building C object cmake/stm32cubemx/CMakeFiles/LibJPEG.dir/__/__/Middlewares/Third_Party/LibJPEG/source/jcomapi.c.obj
[34/379] Building C object cmake/stm32cubemx/CMakeFiles/STM32_Drivers.dir/__/__/Drivers/STM32F7xx_HAL_Driver/Src/stm32f7xx_hal_sdram.c.obj
In file included from /media/odurgut/82a56851-6a27-45e3-afb0-3549236924ca/sda1/book/examples-stm32-c/cmake/stm32cubemx/../../Drivers/CMSIS/Device/ST/STM32F7xx/Include/stm32f7xx.h:127,
                 from /media/odurgut/82a56851-6a27-45e3-afb0-3549236924ca/sda1/book/examples-stm32-c/cmake/stm32cubemx/../../Drivers/STM32F7xx_HAL_Driver/Inc/stm32f7xx_hal_def.h:29,
                 from /media/odurgut/82a56851-6a27-45e3-afb0-3549236924ca/sda1/book/examples-stm32-c/cmake/stm32cubemx/../../Drivers/STM32F7xx_HAL_Driver/Inc/stm32f7xx_hal_rcc.h:27,
                 from /media/odurgut/82a56851-6a27-45e3-afb0-3549236924ca/sda1/book/examples-stm32-c/cmake/stm32cubemx/../../Core/Inc/stm32f7xx_hal_conf.h:271,
                 from /media/odurgut/82a56851-6a27-45e3-afb0-3549236924ca/sda1/book/examples-stm32-c/cmake/stm32cubemx/../../Drivers/STM32F7xx_HAL_Driver/Inc/stm32f7xx_hal.h:29,
                 from /media/odurgut/82a56851-6a27-45e3-afb0-3549236924ca/sda1/book/examples-stm32-c/Drivers/STM32F7xx_HAL_Driver/Src/stm32f7xx_hal_sdram.c:115:
/media/odurgut/82a56851-6a27-45e3-afb0-3549236924ca/sda1/book/examples-stm32-c/cmake/stm32cubemx/../../Drivers/CMSIS/Device/ST/STM32F7xx/Include/stm32f746xx.h:170: warning: "__FPU_PRESENT" redefined
  170 | #define __FPU_PRESENT             1U       /*!< FPU present                                   */
      | 
<command-line>: note: this is the location of the previous definition
[35/379] Building C object cmake/stm32cubemx/CMakeFiles/LibJPEG.dir/__/__/Middlewares/Third_Party/LibJPEG/source/jctrans.c.obj
[36/379] Building C object cmake/stm32cubemx/CMakeFiles/LibJPEG.dir/__/__/Middlewares/Third_Party/LibJPEG/source/jdapistd.c.obj
[37/379] Building C object cmake/stm32cubemx/CMakeFiles/LibJPEG.dir/__/__/Middlewares/Third_Party/LibJPEG/source/jcparam.c.obj
[38/379] Building C object cmake/stm32cubemx/CMakeFiles/LibJPEG.dir/__/__/Middlewares/Third_Party/LibJPEG/source/jdtrans.c.obj
[39/379] Building C object cmake/stm32cubemx/CMakeFiles/STM32_Drivers.dir/__/__/Drivers/STM32F7xx_HAL_Driver/Src/stm32f7xx_hal_dsi.c.obj
In file included from /media/odurgut/82a56851-6a27-45e3-afb0-3549236924ca/sda1/book/examples-stm32-c/cmake/stm32cubemx/../../Drivers/CMSIS/Device/ST/STM32F7xx/Include/stm32f7xx.h:127,
                 from /media/odurgut/82a56851-6a27-45e3-afb0-3549236924ca/sda1/book/examples-stm32-c/cmake/stm32cubemx/../../Drivers/STM32F7xx_HAL_Driver/Inc/stm32f7xx_hal_def.h:29,
                 from /media/odurgut/82a56851-6a27-45e3-afb0-3549236924ca/sda1/book/examples-stm32-c/cmake/stm32cubemx/../../Drivers/STM32F7xx_HAL_Driver/Inc/stm32f7xx_hal_rcc.h:27,
                 from /media/odurgut/82a56851-6a27-45e3-afb0-3549236924ca/sda1/book/examples-stm32-c/cmake/stm32cubemx/../../Core/Inc/stm32f7xx_hal_conf.h:271,
                 from /media/odurgut/82a56851-6a27-45e3-afb0-3549236924ca/sda1/book/examples-stm32-c/cmake/stm32cubemx/../../Drivers/STM32F7xx_HAL_Driver/Inc/stm32f7xx_hal.h:29,
                 from /media/odurgut/82a56851-6a27-45e3-afb0-3549236924ca/sda1/book/examples-stm32-c/Drivers/STM32F7xx_HAL_Driver/Src/stm32f7xx_hal_dsi.c:157:
/media/odurgut/82a56851-6a27-45e3-afb0-3549236924ca/sda1/book/examples-stm32-c/cmake/stm32cubemx/../../Drivers/CMSIS/Device/ST/STM32F7xx/Include/stm32f746xx.h:170: warning: "__FPU_PRESENT" redefined
  170 | #define __FPU_PRESENT             1U       /*!< FPU present                                   */
      | 
<command-line>: note: this is the location of the previous definition
[40/379] Building C object cmake/stm32cubemx/CMakeFiles/LibJPEG.dir/__/__/Middlewares/Third_Party/LibJPEG/source/jcinit.c.obj
[41/379] Building C object cmake/stm32cubemx/CMakeFiles/STM32_Drivers.dir/__/__/Drivers/STM32F7xx_HAL_Driver/Src/stm32f7xx_hal_i2c.c.obj
In file included from /media/odurgut/82a56851-6a27-45e3-afb0-3549236924ca/sda1/book/examples-stm32-c/cmake/stm32cubemx/../../Drivers/CMSIS/Device/ST/STM32F7xx/Include/stm32f7xx.h:127,
                 from /media/odurgut/82a56851-6a27-45e3-afb0-3549236924ca/sda1/book/examples-stm32-c/cmake/stm32cubemx/../../Drivers/STM32F7xx_HAL_Driver/Inc/stm32f7xx_hal_def.h:29,
                 from /media/odurgut/82a56851-6a27-45e3-afb0-3549236924ca/sda1/book/examples-stm32-c/cmake/stm32cubemx/../../Drivers/STM32F7xx_HAL_Driver/Inc/stm32f7xx_hal_rcc.h:27,
                 from /media/odurgut/82a56851-6a27-45e3-afb0-3549236924ca/sda1/book/examples-stm32-c/cmake/stm32cubemx/../../Core/Inc/stm32f7xx_hal_conf.h:271,
                 from /media/odurgut/82a56851-6a27-45e3-afb0-3549236924ca/sda1/book/examples-stm32-c/cmake/stm32cubemx/../../Drivers/STM32F7xx_HAL_Driver/Inc/stm32f7xx_hal.h:29,
                 from /media/odurgut/82a56851-6a27-45e3-afb0-3549236924ca/sda1/book/examples-stm32-c/Drivers/STM32F7xx_HAL_Driver/Src/stm32f7xx_hal_i2c.c:323:
/media/odurgut/82a56851-6a27-45e3-afb0-3549236924ca/sda1/book/examples-stm32-c/cmake/stm32cubemx/../../Drivers/CMSIS/Device/ST/STM32F7xx/Include/stm32f746xx.h:170: warning: "__FPU_PRESENT" redefined
  170 | #define __FPU_PRESENT             1U       /*!< FPU present                                   */
      | 
<command-line>: note: this is the location of the previous definition
[42/379] Building C object cmake/stm32cubemx/CMakeFiles/STM32_Drivers.dir/__/__/Drivers/STM32F7xx_HAL_Driver/Src/stm32f7xx_hal_ltdc_ex.c.obj
In file included from /media/odurgut/82a56851-6a27-45e3-afb0-3549236924ca/sda1/book/examples-stm32-c/cmake/stm32cubemx/../../Drivers/CMSIS/Device/ST/STM32F7xx/Include/stm32f7xx.h:127,
                 from /media/odurgut/82a56851-6a27-45e3-afb0-3549236924ca/sda1/book/examples-stm32-c/cmake/stm32cubemx/../../Drivers/STM32F7xx_HAL_Driver/Inc/stm32f7xx_hal_def.h:29,
                 from /media/odurgut/82a56851-6a27-45e3-afb0-3549236924ca/sda1/book/examples-stm32-c/cmake/stm32cubemx/../../Drivers/STM32F7xx_HAL_Driver/Inc/stm32f7xx_hal_rcc.h:27,
                 from /media/odurgut/82a56851-6a27-45e3-afb0-3549236924ca/sda1/book/examples-stm32-c/cmake/stm32cubemx/../../Core/Inc/stm32f7xx_hal_conf.h:271,
                 from /media/odurgut/82a56851-6a27-45e3-afb0-3549236924ca/sda1/book/examples-stm32-c/cmake/stm32cubemx/../../Drivers/STM32F7xx_HAL_Driver/Inc/stm32f7xx_hal.h:29,
                 from /media/odurgut/82a56851-6a27-45e3-afb0-3549236924ca/sda1/book/examples-stm32-c/Drivers/STM32F7xx_HAL_Driver/Src/stm32f7xx_hal_ltdc_ex.c:20:
/media/odurgut/82a56851-6a27-45e3-afb0-3549236924ca/sda1/book/examples-stm32-c/cmake/stm32cubemx/../../Drivers/CMSIS/Device/ST/STM32F7xx/Include/stm32f746xx.h:170: warning: "__FPU_PRESENT" redefined
  170 | #define __FPU_PRESENT             1U       /*!< FPU present                                   */
      | 
<command-line>: note: this is the location of the previous definition
[43/379] Building C object cmake/stm32cubemx/CMakeFiles/STM32_Drivers.dir/__/__/Drivers/STM32F7xx_HAL_Driver/Src/stm32f7xx_hal_ltdc.c.obj
In file included from /media/odurgut/82a56851-6a27-45e3-afb0-3549236924ca/sda1/book/examples-stm32-c/cmake/stm32cubemx/../../Drivers/CMSIS/Device/ST/STM32F7xx/Include/stm32f7xx.h:127,
                 from /media/odurgut/82a56851-6a27-45e3-afb0-3549236924ca/sda1/book/examples-stm32-c/cmake/stm32cubemx/../../Drivers/STM32F7xx_HAL_Driver/Inc/stm32f7xx_hal_def.h:29,
                 from /media/odurgut/82a56851-6a27-45e3-afb0-3549236924ca/sda1/book/examples-stm32-c/cmake/stm32cubemx/../../Drivers/STM32F7xx_HAL_Driver/Inc/stm32f7xx_hal_rcc.h:27,
                 from /media/odurgut/82a56851-6a27-45e3-afb0-3549236924ca/sda1/book/examples-stm32-c/cmake/stm32cubemx/../../Core/Inc/stm32f7xx_hal_conf.h:271,
                 from /media/odurgut/82a56851-6a27-45e3-afb0-3549236924ca/sda1/book/examples-stm32-c/cmake/stm32cubemx/../../Drivers/STM32F7xx_HAL_Driver/Inc/stm32f7xx_hal.h:29,
                 from /media/odurgut/82a56851-6a27-45e3-afb0-3549236924ca/sda1/book/examples-stm32-c/Drivers/STM32F7xx_HAL_Driver/Src/stm32f7xx_hal_ltdc.c:163:
/media/odurgut/82a56851-6a27-45e3-afb0-3549236924ca/sda1/book/examples-stm32-c/cmake/stm32cubemx/../../Drivers/CMSIS/Device/ST/STM32F7xx/Include/stm32f746xx.h:170: warning: "__FPU_PRESENT" redefined
  170 | #define __FPU_PRESENT             1U       /*!< FPU present                                   */
      | 
<command-line>: note: this is the location of the previous definition
[44/379] Building C object cmake/stm32cubemx/CMakeFiles/LibJPEG.dir/__/__/Middlewares/Third_Party/LibJPEG/source/jcprepct.c.obj
[45/379] Building C object cmake/stm32cubemx/CMakeFiles/STM32_Drivers.dir/__/__/Drivers/STM32F7xx_HAL_Driver/Src/stm32f7xx_hal_uart_ex.c.obj
In file included from /media/odurgut/82a56851-6a27-45e3-afb0-3549236924ca/sda1/book/examples-stm32-c/cmake/stm32cubemx/../../Drivers/CMSIS/Device/ST/STM32F7xx/Include/stm32f7xx.h:127,
                 from /media/odurgut/82a56851-6a27-45e3-afb0-3549236924ca/sda1/book/examples-stm32-c/cmake/stm32cubemx/../../Drivers/STM32F7xx_HAL_Driver/Inc/stm32f7xx_hal_def.h:29,
                 from /media/odurgut/82a56851-6a27-45e3-afb0-3549236924ca/sda1/book/examples-stm32-c/cmake/stm32cubemx/../../Drivers/STM32F7xx_HAL_Driver/Inc/stm32f7xx_hal_rcc.h:27,
                 from /media/odurgut/82a56851-6a27-45e3-afb0-3549236924ca/sda1/book/examples-stm32-c/cmake/stm32cubemx/../../Core/Inc/stm32f7xx_hal_conf.h:271,
                 from /media/odurgut/82a56851-6a27-45e3-afb0-3549236924ca/sda1/book/examples-stm32-c/cmake/stm32cubemx/../../Drivers/STM32F7xx_HAL_Driver/Inc/stm32f7xx_hal.h:29,
                 from /media/odurgut/82a56851-6a27-45e3-afb0-3549236924ca/sda1/book/examples-stm32-c/Drivers/STM32F7xx_HAL_Driver/Src/stm32f7xx_hal_uart_ex.c:38:
/media/odurgut/82a56851-6a27-45e3-afb0-3549236924ca/sda1/book/examples-stm32-c/cmake/stm32cubemx/../../Drivers/CMSIS/Device/ST/STM32F7xx/Include/stm32f746xx.h:170: warning: "__FPU_PRESENT" redefined
  170 | #define __FPU_PRESENT             1U       /*!< FPU present                                   */
      | 
<command-line>: note: this is the location of the previous definition
[46/379] Building C object cmake/stm32cubemx/CMakeFiles/LibJPEG.dir/__/__/Middlewares/Third_Party/LibJPEG/source/jccolor.c.obj
[47/379] Building C object cmake/stm32cubemx/CMakeFiles/LibJPEG.dir/__/__/Middlewares/Third_Party/LibJPEG/source/jcmainct.c.obj
[48/379] Building C object cmake/stm32cubemx/CMakeFiles/LibJPEG.dir/__/__/Middlewares/Third_Party/LibJPEG/source/jfdctfst.c.obj
[49/379] Building C object cmake/stm32cubemx/CMakeFiles/LibJPEG.dir/__/__/Middlewares/Third_Party/LibJPEG/source/jcmaster.c.obj
[50/379] Building C object cmake/stm32cubemx/CMakeFiles/LibJPEG.dir/__/__/Middlewares/Third_Party/LibJPEG/source/jccoefct.c.obj
[51/379] Building C object cmake/stm32cubemx/CMakeFiles/LibJPEG.dir/__/__/Middlewares/Third_Party/LibJPEG/source/jcdctmgr.c.obj
[52/379] Building C object cmake/stm32cubemx/CMakeFiles/LibJPEG.dir/__/__/Middlewares/Third_Party/LibJPEG/source/jfdctflt.c.obj
[53/379] Building C object cmake/stm32cubemx/CMakeFiles/LibJPEG.dir/__/__/Middlewares/Third_Party/LibJPEG/source/jcsample.c.obj
[54/379] Building C object cmake/stm32cubemx/CMakeFiles/LibJPEG.dir/__/__/Middlewares/Third_Party/LibJPEG/source/jdatadst.c.obj
[55/379] Building C object cmake/stm32cubemx/CMakeFiles/LibJPEG.dir/__/__/Middlewares/Third_Party/LibJPEG/source/jdmaster.c.obj
[56/379] Building C object cmake/stm32cubemx/CMakeFiles/STM32_Drivers.dir/__/__/Drivers/STM32F7xx_HAL_Driver/Src/stm32f7xx_hal_uart.c.obj
In file included from /media/odurgut/82a56851-6a27-45e3-afb0-3549236924ca/sda1/book/examples-stm32-c/cmake/stm32cubemx/../../Drivers/CMSIS/Device/ST/STM32F7xx/Include/stm32f7xx.h:127,
                 from /media/odurgut/82a56851-6a27-45e3-afb0-3549236924ca/sda1/book/examples-stm32-c/cmake/stm32cubemx/../../Drivers/STM32F7xx_HAL_Driver/Inc/stm32f7xx_hal_def.h:29,
                 from /media/odurgut/82a56851-6a27-45e3-afb0-3549236924ca/sda1/book/examples-stm32-c/cmake/stm32cubemx/../../Drivers/STM32F7xx_HAL_Driver/Inc/stm32f7xx_hal_rcc.h:27,
                 from /media/odurgut/82a56851-6a27-45e3-afb0-3549236924ca/sda1/book/examples-stm32-c/cmake/stm32cubemx/../../Core/Inc/stm32f7xx_hal_conf.h:271,
                 from /media/odurgut/82a56851-6a27-45e3-afb0-3549236924ca/sda1/book/examples-stm32-c/cmake/stm32cubemx/../../Drivers/STM32F7xx_HAL_Driver/Inc/stm32f7xx_hal.h:29,
                 from /media/odurgut/82a56851-6a27-45e3-afb0-3549236924ca/sda1/book/examples-stm32-c/Drivers/STM32F7xx_HAL_Driver/Src/stm32f7xx_hal_uart.c:158:
/media/odurgut/82a56851-6a27-45e3-afb0-3549236924ca/sda1/book/examples-stm32-c/cmake/stm32cubemx/../../Drivers/CMSIS/Device/ST/STM32F7xx/Include/stm32f746xx.h:170: warning: "__FPU_PRESENT" redefined
  170 | #define __FPU_PRESENT             1U       /*!< FPU present                                   */
      | 
<command-line>: note: this is the location of the previous definition
[57/379] Building C object cmake/stm32cubemx/CMakeFiles/LibJPEG.dir/__/__/Middlewares/Third_Party/LibJPEG/source/jcarith.c.obj
[58/379] Building C object cmake/stm32cubemx/CMakeFiles/LibJPEG.dir/__/__/Middlewares/Third_Party/LibJPEG/source/jdmainct.c.obj
[59/379] Building C object cmake/stm32cubemx/CMakeFiles/LibJPEG.dir/__/__/Middlewares/Third_Party/LibJPEG/source/jdinput.c.obj
[60/379] Building C object cmake/stm32cubemx/CMakeFiles/LibJPEG.dir/__/__/Middlewares/Third_Party/LibJPEG/source/jcmarker.c.obj
[61/379] Building C object cmake/stm32cubemx/CMakeFiles/LibJPEG.dir/__/__/Middlewares/Third_Party/LibJPEG/source/jdpostct.c.obj
[62/379] Building C object cmake/stm32cubemx/CMakeFiles/LibJPEG.dir/__/__/Middlewares/Third_Party/LibJPEG/source/jdcoefct.c.obj
[63/379] Building C object cmake/stm32cubemx/CMakeFiles/LibJPEG.dir/__/__/Middlewares/Third_Party/LibJPEG/source/jchuff.c.obj
[64/379] Building C object cmake/stm32cubemx/CMakeFiles/LibJPEG.dir/__/__/Middlewares/Third_Party/LibJPEG/source/jdarith.c.obj
[65/379] Building C object cmake/stm32cubemx/CMakeFiles/LibJPEG.dir/__/__/Middlewares/Third_Party/LibJPEG/source/jidctfst.c.obj
[66/379] Building C object cmake/stm32cubemx/CMakeFiles/LibJPEG.dir/__/__/Middlewares/Third_Party/LibJPEG/source/jidctflt.c.obj
[67/379] Building C object cmake/stm32cubemx/CMakeFiles/LibJPEG.dir/__/__/Middlewares/Third_Party/LibJPEG/source/jddctmgr.c.obj
[68/379] Building C object cmake/stm32cubemx/CMakeFiles/LibJPEG.dir/__/__/Middlewares/Third_Party/LibJPEG/source/jdsample.c.obj
[69/379] Building C object cmake/stm32cubemx/CMakeFiles/LibJPEG.dir/__/__/Middlewares/Third_Party/LibJPEG/source/jdhuff.c.obj
[70/379] Building C object cmake/stm32cubemx/CMakeFiles/LibJPEG.dir/__/__/Middlewares/Third_Party/LibJPEG/source/jdcolor.c.obj
[71/379] Building C object embedDIP/CMakeFiles/embedDIP.dir/core/error.c.obj
[72/379] Building C object cmake/stm32cubemx/CMakeFiles/LibJPEG.dir/__/__/Middlewares/Third_Party/LibJPEG/source/jdmerge.c.obj
[73/379] Building C object cmake/stm32cubemx/CMakeFiles/LibJPEG.dir/__/__/Middlewares/Third_Party/LibJPEG/source/jaricom.c.obj
[74/379] Building C object cmake/stm32cubemx/CMakeFiles/LibJPEG.dir/__/__/Middlewares/Third_Party/LibJPEG/source/jerror.c.obj
[75/379] Building C object cmake/stm32cubemx/CMakeFiles/LibJPEG.dir/__/__/Middlewares/Third_Party/LibJPEG/source/jdmarker.c.obj
[76/379] Building C object cmake/stm32cubemx/CMakeFiles/LibJPEG.dir/__/__/Middlewares/Third_Party/LibJPEG/source/jdatasrc.c.obj
[77/379] Building C object cmake/stm32cubemx/CMakeFiles/LibJPEG.dir/__/__/Middlewares/Third_Party/LibJPEG/source/jquant1.c.obj
[78/379] Building C object cmake/stm32cubemx/CMakeFiles/LibJPEG.dir/__/__/Middlewares/Third_Party/LibJPEG/source/jutils.c.obj
[79/379] Building C object cmake/stm32cubemx/CMakeFiles/LibJPEG.dir/__/__/Middlewares/Third_Party/LibJPEG/source/jmemnobs.c.obj
[80/379] Building C object embedDIP/CMakeFiles/embedDIP.dir/imgproc/histogram.c.obj
[81/379] Building C object cmake/stm32cubemx/CMakeFiles/LibJPEG.dir/__/__/Middlewares/Third_Party/LibJPEG/source/jquant2.c.obj
[82/379] Building C object embedDIP/CMakeFiles/embedDIP.dir/imgproc/drawing.c.obj
[83/379] Building C object cmake/stm32cubemx/CMakeFiles/LibJPEG.dir/__/__/Middlewares/Third_Party/LibJPEG/source/jmemmgr.c.obj
[84/379] Building C object embedDIP/CMakeFiles/embedDIP.dir/imgproc/morph.c.obj
[85/379] Building C object embedDIP/CMakeFiles/embedDIP.dir/imgproc/connectedcomponents.c.obj
[86/379] Building C object embedDIP/CMakeFiles/embedDIP.dir/imgproc/thresh.c.obj
[87/379] Building C object embedDIP/CMakeFiles/embedDIP.dir/imgproc/imgwarp.c.obj
[88/379] Building C object cmake/stm32cubemx/CMakeFiles/LibJPEG.dir/__/__/Middlewares/Third_Party/LibJPEG/source/jfdctint.c.obj
[89/379] Building C object embedDIP/CMakeFiles/embedDIP.dir/imgproc/hough.c.obj
[90/379] Building C object embedDIP/CMakeFiles/embedDIP.dir/imgproc/color.c.obj
[91/379] Building C object embedDIP/CMakeFiles/embedDIP.dir/board/stm32f7/board_stm32f7_memory.c.obj
[92/379] Building C object embedDIP/CMakeFiles/embedDIP.dir/board/common.c.obj
[93/379] Building C object embedDIP/CMakeFiles/embedDIP.dir/imgproc/misc.c.obj
[94/379] Building C object embedDIP/CMakeFiles/embedDIP.dir/imgproc/filter.c.obj
[95/379] Building C object embedDIP/CMakeFiles/embedDIP.dir/imgproc/segmentation.c.obj
[96/379] Building C object embedDIP/CMakeFiles/embedDIP.dir/board/stm32f7/board_stm32f7_fft.c.obj
[97/379] Building C object embedDIP/CMakeFiles/embedDIP.dir/__/Drivers/CMSIS/DSP/Source/BasicMathFunctions/arm_abs_q15.c.obj
[98/379] Building C object embedDIP/CMakeFiles/embedDIP.dir/__/Drivers/CMSIS/DSP/Source/BasicMathFunctions/arm_abs_f32.c.obj
[99/379] Building C object embedDIP/CMakeFiles/embedDIP.dir/__/Drivers/CMSIS/DSP/Source/BasicMathFunctions/arm_abs_q7.c.obj
[100/379] Building C object embedDIP/CMakeFiles/embedDIP.dir/__/Drivers/CMSIS/DSP/Source/BasicMathFunctions/arm_abs_q31.c.obj
[101/379] Building C object embedDIP/CMakeFiles/embedDIP.dir/__/Drivers/CMSIS/DSP/Source/BasicMathFunctions/arm_add_f32.c.obj
[102/379] Building C object embedDIP/CMakeFiles/embedDIP.dir/__/Drivers/CMSIS/DSP/Source/BasicMathFunctions/arm_add_q15.c.obj
[103/379] Building C object embedDIP/CMakeFiles/embedDIP.dir/__/Drivers/CMSIS/DSP/Source/BasicMathFunctions/arm_add_q31.c.obj
[104/379] Building C object cmake/stm32cubemx/CMakeFiles/LibJPEG.dir/__/__/Middlewares/Third_Party/LibJPEG/source/jidctint.c.obj
[105/379] Building C object embedDIP/CMakeFiles/embedDIP.dir/board/stm32f7/board_stm32f7_common.c.obj
In file included from /media/odurgut/82a56851-6a27-45e3-afb0-3549236924ca/sda1/book/examples-stm32-c/embedDIP/../Drivers/CMSIS/Device/ST/STM32F7xx/Include/stm32f7xx.h:127,
                 from /media/odurgut/82a56851-6a27-45e3-afb0-3549236924ca/sda1/book/examples-stm32-c/embedDIP/../Drivers/STM32F7xx_HAL_Driver/Inc/stm32f7xx_hal_def.h:29,
                 from /media/odurgut/82a56851-6a27-45e3-afb0-3549236924ca/sda1/book/examples-stm32-c/embedDIP/../Drivers/STM32F7xx_HAL_Driver/Inc/stm32f7xx_hal_rcc.h:27,
                 from /media/odurgut/82a56851-6a27-45e3-afb0-3549236924ca/sda1/book/examples-stm32-c/embedDIP/../Core/Inc/stm32f7xx_hal_conf.h:271,
                 from /media/odurgut/82a56851-6a27-45e3-afb0-3549236924ca/sda1/book/examples-stm32-c/embedDIP/../Drivers/STM32F7xx_HAL_Driver/Inc/stm32f7xx_hal.h:29,
                 from /media/odurgut/82a56851-6a27-45e3-afb0-3549236924ca/sda1/book/examples-stm32-c/embedDIP/board/stm32f7/board_stm32f7_common.c:13:
/media/odurgut/82a56851-6a27-45e3-afb0-3549236924ca/sda1/book/examples-stm32-c/embedDIP/../Drivers/CMSIS/Device/ST/STM32F7xx/Include/stm32f746xx.h:170: warning: "__FPU_PRESENT" redefined
  170 | #define __FPU_PRESENT             1U       /*!< FPU present                                   */
      | 
<command-line>: note: this is the location of the previous definition
[106/379] Building C object embedDIP/CMakeFiles/embedDIP.dir/__/Drivers/CMSIS/DSP/Source/BasicMathFunctions/arm_add_q7.c.obj
[107/379] Building C object embedDIP/CMakeFiles/embedDIP.dir/device/camera/ov5640/stm32_ov5640.c.obj
In file included from /media/odurgut/82a56851-6a27-45e3-afb0-3549236924ca/sda1/book/examples-stm32-c/embedDIP/../Drivers/CMSIS/Device/ST/STM32F7xx/Include/stm32f7xx.h:127,
                 from /media/odurgut/82a56851-6a27-45e3-afb0-3549236924ca/sda1/book/examples-stm32-c/embedDIP/../Drivers/STM32F7xx_HAL_Driver/Inc/stm32f7xx_hal_def.h:29,
                 from /media/odurgut/82a56851-6a27-45e3-afb0-3549236924ca/sda1/book/examples-stm32-c/embedDIP/../Drivers/STM32F7xx_HAL_Driver/Inc/stm32f7xx_hal_rcc.h:27,
                 from /media/odurgut/82a56851-6a27-45e3-afb0-3549236924ca/sda1/book/examples-stm32-c/embedDIP/../Core/Inc/stm32f7xx_hal_conf.h:271,
                 from /media/odurgut/82a56851-6a27-45e3-afb0-3549236924ca/sda1/book/examples-stm32-c/embedDIP/../Drivers/STM32F7xx_HAL_Driver/Inc/stm32f7xx_hal.h:29,
                 from /media/odurgut/82a56851-6a27-45e3-afb0-3549236924ca/sda1/book/examples-stm32-c/embedDIP/device/camera/ov5640/stm32_ov5640.c:18:
/media/odurgut/82a56851-6a27-45e3-afb0-3549236924ca/sda1/book/examples-stm32-c/embedDIP/../Drivers/CMSIS/Device/ST/STM32F7xx/Include/stm32f746xx.h:170: warning: "__FPU_PRESENT" redefined
  170 | #define __FPU_PRESENT             1U       /*!< FPU present                                   */
      | 
<command-line>: note: this is the location of the previous definition
[108/379] Building C object embedDIP/CMakeFiles/embedDIP.dir/device/serial/stm32_uart/stm32_uart.c.obj
In file included from /media/odurgut/82a56851-6a27-45e3-afb0-3549236924ca/sda1/book/examples-stm32-c/embedDIP/../Drivers/CMSIS/Device/ST/STM32F7xx/Include/stm32f7xx.h:127,
                 from /media/odurgut/82a56851-6a27-45e3-afb0-3549236924ca/sda1/book/examples-stm32-c/embedDIP/../Drivers/STM32F7xx_HAL_Driver/Inc/stm32f7xx_hal_def.h:29,
                 from /media/odurgut/82a56851-6a27-45e3-afb0-3549236924ca/sda1/book/examples-stm32-c/embedDIP/../Drivers/STM32F7xx_HAL_Driver/Inc/stm32f7xx_hal_rcc.h:27,
                 from /media/odurgut/82a56851-6a27-45e3-afb0-3549236924ca/sda1/book/examples-stm32-c/embedDIP/../Core/Inc/stm32f7xx_hal_conf.h:271,
                 from /media/odurgut/82a56851-6a27-45e3-afb0-3549236924ca/sda1/book/examples-stm32-c/embedDIP/../Drivers/STM32F7xx_HAL_Driver/Inc/stm32f7xx_hal.h:29,
                 from /media/odurgut/82a56851-6a27-45e3-afb0-3549236924ca/sda1/book/examples-stm32-c/embedDIP/device/serial/stm32_uart/stm32_uart.c:14:
/media/odurgut/82a56851-6a27-45e3-afb0-3549236924ca/sda1/book/examples-stm32-c/embedDIP/../Drivers/CMSIS/Device/ST/STM32F7xx/Include/stm32f746xx.h:170: warning: "__FPU_PRESENT" redefined
  170 | #define __FPU_PRESENT             1U       /*!< FPU present                                   */
      | 
<command-line>: note: this is the location of the previous definition
[109/379] Building C object embedDIP/CMakeFiles/embedDIP.dir/__/Drivers/CMSIS/DSP/Source/BasicMathFunctions/arm_dot_prod_q31.c.obj
[110/379] Building C object embedDIP/CMakeFiles/embedDIP.dir/__/Drivers/CMSIS/DSP/Source/BasicMathFunctions/arm_dot_prod_q7.c.obj
[111/379] Building C object embedDIP/CMakeFiles/embedDIP.dir/device/display/rk043fn48h/stm32_rk043fn48h.c.obj
In file included from /media/odurgut/82a56851-6a27-45e3-afb0-3549236924ca/sda1/book/examples-stm32-c/embedDIP/../Drivers/CMSIS/Device/ST/STM32F7xx/Include/stm32f7xx.h:127,
                 from /media/odurgut/82a56851-6a27-45e3-afb0-3549236924ca/sda1/book/examples-stm32-c/embedDIP/../Drivers/STM32F7xx_HAL_Driver/Inc/stm32f7xx_hal_def.h:29,
                 from /media/odurgut/82a56851-6a27-45e3-afb0-3549236924ca/sda1/book/examples-stm32-c/embedDIP/../Drivers/STM32F7xx_HAL_Driver/Inc/stm32f7xx_hal_rcc.h:27,
                 from /media/odurgut/82a56851-6a27-45e3-afb0-3549236924ca/sda1/book/examples-stm32-c/embedDIP/../Core/Inc/stm32f7xx_hal_conf.h:271,
                 from /media/odurgut/82a56851-6a27-45e3-afb0-3549236924ca/sda1/book/examples-stm32-c/embedDIP/../Drivers/STM32F7xx_HAL_Driver/Inc/stm32f7xx_hal.h:29,
                 from /media/odurgut/82a56851-6a27-45e3-afb0-3549236924ca/sda1/book/examples-stm32-c/embedDIP/device/display/rk043fn48h/stm32_rk043fn48h.c:16:
/media/odurgut/82a56851-6a27-45e3-afb0-3549236924ca/sda1/book/examples-stm32-c/embedDIP/../Drivers/CMSIS/Device/ST/STM32F7xx/Include/stm32f746xx.h:170: warning: "__FPU_PRESENT" redefined
  170 | #define __FPU_PRESENT             1U       /*!< FPU present                                   */
      | 
<command-line>: note: this is the location of the previous definition
[112/379] Building C object embedDIP/CMakeFiles/embedDIP.dir/__/Drivers/CMSIS/DSP/Source/BasicMathFunctions/arm_dot_prod_q15.c.obj
[113/379] Building C object embedDIP/CMakeFiles/embedDIP.dir/__/Drivers/CMSIS/DSP/Source/BasicMathFunctions/arm_dot_prod_f32.c.obj
[114/379] Building C object embedDIP/CMakeFiles/embedDIP.dir/__/Drivers/CMSIS/DSP/Source/BasicMathFunctions/arm_mult_q15.c.obj
[115/379] Building C object embedDIP/CMakeFiles/embedDIP.dir/__/Drivers/CMSIS/DSP/Source/BasicMathFunctions/arm_mult_f32.c.obj
[116/379] Building C object embedDIP/CMakeFiles/embedDIP.dir/__/Drivers/CMSIS/DSP/Source/BasicMathFunctions/arm_mult_q31.c.obj
[117/379] Building C object embedDIP/CMakeFiles/embedDIP.dir/__/Drivers/CMSIS/DSP/Source/BasicMathFunctions/arm_negate_f32.c.obj
[118/379] Building C object embedDIP/CMakeFiles/embedDIP.dir/__/Drivers/CMSIS/DSP/Source/BasicMathFunctions/arm_negate_q7.c.obj
[119/379] Building C object embedDIP/CMakeFiles/embedDIP.dir/__/Drivers/CMSIS/DSP/Source/BasicMathFunctions/arm_offset_f32.c.obj
[120/379] Building C object embedDIP/CMakeFiles/embedDIP.dir/__/Drivers/CMSIS/DSP/Source/BasicMathFunctions/arm_negate_q15.c.obj
[121/379] Building C object embedDIP/CMakeFiles/embedDIP.dir/__/Drivers/CMSIS/DSP/Source/BasicMathFunctions/arm_offset_q31.c.obj
[122/379] Building C object embedDIP/CMakeFiles/embedDIP.dir/__/Drivers/CMSIS/DSP/Source/BasicMathFunctions/arm_mult_q7.c.obj
[123/379] Building C object embedDIP/CMakeFiles/embedDIP.dir/__/Drivers/CMSIS/DSP/Source/BasicMathFunctions/arm_offset_q15.c.obj
[124/379] Building CXX object embedDIP/CMakeFiles/embedDIP.dir/wrapper/CameraWrapper.cpp.obj
[125/379] Building C object embedDIP/CMakeFiles/embedDIP.dir/__/Drivers/CMSIS/DSP/Source/BasicMathFunctions/arm_negate_q31.c.obj
[126/379] Building C object embedDIP/CMakeFiles/embedDIP.dir/__/Drivers/CMSIS/DSP/Source/BasicMathFunctions/arm_scale_f32.c.obj
[127/379] Building C object embedDIP/CMakeFiles/embedDIP.dir/__/Drivers/CMSIS/DSP/Source/BasicMathFunctions/arm_offset_q7.c.obj
[128/379] Building CXX object embedDIP/CMakeFiles/embedDIP.dir/wrapper/DisplayWrapper.cpp.obj
[129/379] Building C object embedDIP/CMakeFiles/embedDIP.dir/__/Drivers/CMSIS/DSP/Source/BasicMathFunctions/arm_scale_q15.c.obj
[130/379] Building C object embedDIP/CMakeFiles/embedDIP.dir/__/Drivers/CMSIS/DSP/Source/BasicMathFunctions/arm_scale_q7.c.obj
[131/379] Building C object embedDIP/CMakeFiles/embedDIP.dir/__/Drivers/CMSIS/DSP/Source/BasicMathFunctions/arm_shift_q15.c.obj
[132/379] Building C object embedDIP/CMakeFiles/embedDIP.dir/__/Drivers/CMSIS/DSP/Source/BasicMathFunctions/arm_sub_f32.c.obj
[133/379] Building C object embedDIP/CMakeFiles/embedDIP.dir/__/Drivers/CMSIS/DSP/Source/BasicMathFunctions/arm_scale_q31.c.obj
[134/379] Building CXX object embedDIP/CMakeFiles/embedDIP.dir/wrapper/ImageWrapper.cpp.obj
FAILED: embedDIP/CMakeFiles/embedDIP.dir/wrapper/ImageWrapper.cpp.obj 
/usr/bin/arm-none-eabi-g++ -DARM_MATH_CM7 -DENABLE_CAMERA_INPUT=1 -DENABLE_DISPLAY_OUTPUT=1 -DENABLE_IMAGE_PROCESSING=1 -DENABLE_UART_LOGGING=1 -DSTM32F746xx -DSTM32F7xx -DTARGET_BOARD_STM32F7=1 -DUSE_EMBED_DIP -D__FPU_PRESENT=1 -I/media/odurgut/82a56851-6a27-45e3-afb0-3549236924ca/sda1/book/examples-stm32-c/embedDIP -I/media/odurgut/82a56851-6a27-45e3-afb0-3549236924ca/sda1/book/examples-stm32-c/embedDIP/core -I/media/odurgut/82a56851-6a27-45e3-afb0-3549236924ca/sda1/book/examples-stm32-c/embedDIP/imgproc -I/media/odurgut/82a56851-6a27-45e3-afb0-3549236924ca/sda1/book/examples-stm32-c/embedDIP/board -I/media/odurgut/82a56851-6a27-45e3-afb0-3549236924ca/sda1/book/examples-stm32-c/embedDIP/device/camera -I/media/odurgut/82a56851-6a27-45e3-afb0-3549236924ca/sda1/book/examples-stm32-c/embedDIP/device/display -I/media/odurgut/82a56851-6a27-45e3-afb0-3549236924ca/sda1/book/examples-stm32-c/embedDIP/device/serial -I/media/odurgut/82a56851-6a27-45e3-afb0-3549236924ca/sda1/book/examples-stm32-c/embedDIP/wrapper -I/media/odurgut/82a56851-6a27-45e3-afb0-3549236924ca/sda1/book/examples-stm32-c/embedDIP/../Drivers/STM32F7xx_HAL_Driver/Inc -I/media/odurgut/82a56851-6a27-45e3-afb0-3549236924ca/sda1/book/examples-stm32-c/embedDIP/../Drivers/CMSIS/Device/ST/STM32F7xx/Include -I/media/odurgut/82a56851-6a27-45e3-afb0-3549236924ca/sda1/book/examples-stm32-c/embedDIP/../Drivers/CMSIS/Core/Include -I/media/odurgut/82a56851-6a27-45e3-afb0-3549236924ca/sda1/book/examples-stm32-c/embedDIP/../Drivers/CMSIS/DSP/Include -I/media/odurgut/82a56851-6a27-45e3-afb0-3549236924ca/sda1/book/examples-stm32-c/embedDIP/../Core/Inc -I/media/odurgut/82a56851-6a27-45e3-afb0-3549236924ca/sda1/book/examples-stm32-c/embedDIP/board/stm32f7 -I/media/odurgut/82a56851-6a27-45e3-afb0-3549236924ca/sda1/book/examples-stm32-c/Core/Inc -mcpu=cortex-m7 -mfpu=fpv5-sp-d16 -mfloat-abi=hard  -Wall -fdata-sections -ffunction-sections -fstack-usage -mcpu=cortex-m7 -mfpu=fpv5-sp-d16 -mfloat-abi=hard  -Wall -fdata-sections -ffunction-sections -fstack-usage -fno-rtti -fno-exceptions -fno-threadsafe-statics -O0 -g3 -std=gnu++17 -MD -MT embedDIP/CMakeFiles/embedDIP.dir/wrapper/ImageWrapper.cpp.obj -MF embedDIP/CMakeFiles/embedDIP.dir/wrapper/ImageWrapper.cpp.obj.d -o embedDIP/CMakeFiles/embedDIP.dir/wrapper/ImageWrapper.cpp.obj -c /media/odurgut/82a56851-6a27-45e3-afb0-3549236924ca/sda1/book/examples-stm32-c/embedDIP/wrapper/ImageWrapper.cpp
/media/odurgut/82a56851-6a27-45e3-afb0-3549236924ca/sda1/book/examples-stm32-c/embedDIP/wrapper/ImageWrapper.cpp: In member function 'void embedDIP::Image::piecewiseTransform(embedDIP::Image&, const std::vector<unsigned char>&, const std::vector<unsigned char>&) const':
/media/odurgut/82a56851-6a27-45e3-afb0-3549236924ca/sda1/book/examples-stm32-c/embedDIP/wrapper/ImageWrapper.cpp:367:83: error: invalid conversion from '__gnu_cxx::__alloc_traits<std::allocator<unsigned char>, unsigned char>::value_type' {aka 'unsigned char'} to 'const uint8_t*' {aka 'const unsigned char*'} [-fpermissive]
  367 |             raw(), out.raw(), breakpoints[0], breakpoints[1], values[0], values[1]);
      |                                                                                   ^
      |                                                                                   |
      |                                                                                   __gnu_cxx::__alloc_traits<std::allocator<unsigned char>, unsigned char>::value_type {aka unsigned char}
/media/odurgut/82a56851-6a27-45e3-afb0-3549236924ca/sda1/book/examples-stm32-c/embedDIP/wrapper/ImageWrapper.cpp:367:83: error: invalid conversion from '__gnu_cxx::__alloc_traits<std::allocator<unsigned char>, unsigned char>::value_type' {aka 'unsigned char'} to 'const uint8_t*' {aka 'const unsigned char*'} [-fpermissive]
/media/odurgut/82a56851-6a27-45e3-afb0-3549236924ca/sda1/book/examples-stm32-c/embedDIP/wrapper/ImageWrapper.cpp:367:83: error: too many arguments to function 'embeddip_status_t piecewiseTransform(const Image*, Image*, const uint8_t*, const uint8_t*, int)'
In file included from /media/odurgut/82a56851-6a27-45e3-afb0-3549236924ca/sda1/book/examples-stm32-c/embedDIP/imgproc/pixel.h:35,
                 from /media/odurgut/82a56851-6a27-45e3-afb0-3549236924ca/sda1/book/examples-stm32-c/embedDIP/wrapper/ImageWrapper.hpp:26,
                 from /media/odurgut/82a56851-6a27-45e3-afb0-3549236924ca/sda1/book/examples-stm32-c/embedDIP/wrapper/ImageWrapper.cpp:4:
/media/odurgut/82a56851-6a27-45e3-afb0-3549236924ca/sda1/book/examples-stm32-c/embedDIP/imgproc/thresh.h:90:19: note: declared here
   90 | embeddip_status_t piecewiseTransform(const Image *src,
      |                   ^~~~~~~~~~~~~~~~~~
[135/379] Building C object embedDIP/CMakeFiles/embedDIP.dir/__/Drivers/CMSIS/DSP/Source/BasicMathFunctions/arm_shift_q31.c.obj
[136/379] Building CXX object embedDIP/CMakeFiles/embedDIP.dir/wrapper/SerialWrapper.cpp.obj
[137/379] Building C object embedDIP/CMakeFiles/embedDIP.dir/__/Drivers/CMSIS/DSP/Source/BasicMathFunctions/arm_sub_q15.c.obj
[138/379] Building C object embedDIP/CMakeFiles/embedDIP.dir/__/Drivers/CMSIS/DSP/Source/BasicMathFunctions/arm_shift_q7.c.obj
[139/379] Building C object embedDIP/CMakeFiles/embedDIP.dir/__/Drivers/CMSIS/DSP/Source/BasicMathFunctions/arm_sub_q31.c.obj
[140/379] Building C object embedDIP/CMakeFiles/embedDIP.dir/__/Drivers/CMSIS/DSP/Source/CommonTables/arm_const_structs.c.obj
[141/379] Building C object embedDIP/CMakeFiles/embedDIP.dir/__/Drivers/CMSIS/DSP/Source/BasicMathFunctions/arm_sub_q7.c.obj
[142/379] Building C object embedDIP/CMakeFiles/embedDIP.dir/__/Drivers/CMSIS/DSP/Source/ComplexMathFunctions/arm_cmplx_conj_q15.c.obj
[143/379] Building C object embedDIP/CMakeFiles/embedDIP.dir/__/Drivers/CMSIS/DSP/Source/ComplexMathFunctions/arm_cmplx_conj_f32.c.obj
[144/379] Building C object embedDIP/CMakeFiles/embedDIP.dir/__/Drivers/CMSIS/DSP/Source/ComplexMathFunctions/arm_cmplx_conj_q31.c.obj
[145/379] Building C object embedDIP/CMakeFiles/embedDIP.dir/__/Drivers/CMSIS/DSP/Source/ComplexMathFunctions/arm_cmplx_dot_prod_f32.c.obj
[146/379] Building C object embedDIP/CMakeFiles/embedDIP.dir/__/Drivers/CMSIS/DSP/Source/ComplexMathFunctions/arm_cmplx_dot_prod_q15.c.obj
[147/379] Building C object embedDIP/CMakeFiles/embedDIP.dir/__/Drivers/CMSIS/DSP/Source/CommonTables/arm_common_tables.c.obj
ninja: build stopped: subcommand failed.
